TN:
SF:src/assets/blocks/helpers/event-observer.ts
FN:3,(anonymous_0)
FN:6,(anonymous_2)
FN:11,(anonymous_3)
FN:14,(anonymous_4)
FN:17,(anonymous_5)
FN:20,(anonymous_6)
FNF:6
FNH:6
FNDA:903,(anonymous_0)
FNDA:2001,(anonymous_2)
FNDA:4,(anonymous_3)
FNDA:4,(anonymous_4)
FNDA:3905,(anonymous_5)
FNDA:1417,(anonymous_6)
DA:3,5
DA:4,898
DA:6,5
DA:7,2001
DA:8,2001
DA:11,5
DA:12,4
DA:13,3
DA:14,4
DA:17,5
DA:18,3905
DA:19,1205
DA:20,1417
DA:23,5
LF:14
LH:14
BRDA:7,0,0,2001
BRDA:7,0,1,1662
BRDA:12,1,0,1
BRDA:12,1,1,3
BRDA:18,2,0,2700
BRDA:18,2,1,1205
BRDA:20,3,0,1417
BRDA:20,3,1,1417
BRF:8
BRH:8
end_of_record
TN:
SF:src/assets/blocks/helpers/functions/is-increasing.ts
FN:1,isIncreasing
FNF:1
FNH:1
FNDA:170,isIncreasing
DA:2,170
DA:3,170
DA:5,170
DA:6,54
DA:7,51
DA:10,167
LF:6
LH:6
BRDA:6,0,0,3
BRDA:6,0,1,51
BRF:2
BRH:2
end_of_record
TN:
SF:src/assets/blocks/main-page/components/binded-input.ts
FN:6,(anonymous_6)
FN:11,BindedInput
FN:20,(anonymous_8)
FN:25,(anonymous_9)
FN:30,(anonymous_10)
FN:54,(anonymous_11)
FNF:6
FNH:6
FNDA:1,(anonymous_6)
FNDA:352,BindedInput
FNDA:352,(anonymous_8)
FNDA:459,(anonymous_9)
FNDA:52,(anonymous_10)
FNDA:487,(anonymous_11)
DA:6,1
DA:12,352
DA:13,352
DA:14,352
DA:15,352
DA:17,352
DA:20,1
DA:21,352
DA:22,352
DA:25,1
DA:26,459
DA:27,459
DA:30,1
DA:33,52
DA:34,12
DA:36,40
DA:39,52
DA:41,52
DA:42,40
DA:45,52
DA:46,52
DA:47,24
DA:49,28
DA:50,28
DA:54,1
DA:55,487
DA:56,336
DA:57,151
DA:58,151
DA:60,487
DA:62,1
LF:31
LH:31
BRDA:12,0,0,352
BRDA:12,0,1,352
BRDA:33,1,0,12
BRDA:33,1,1,40
BRDA:41,2,0,40
BRDA:41,2,1,12
BRDA:55,3,0,336
BRDA:55,3,1,151
BRDA:57,4,0,151
BRDA:57,4,1,0
BRF:10
BRH:9
end_of_record
TN:
SF:src/assets/blocks/main-page/components/slider-options-palette.ts
FN:6,(anonymous_1)
FN:21,SliderOptionsPalette
FN:28,(anonymous_3)
FN:50,(anonymous_4)
FN:67,(anonymous_5)
FN:86,(anonymous_6)
FN:87,(anonymous_7)
FNF:7
FNH:7
FNDA:1,(anonymous_1)
FNDA:32,SliderOptionsPalette
FNDA:32,(anonymous_3)
FNDA:224,(anonymous_4)
FNDA:128,(anonymous_5)
FNDA:32,(anonymous_6)
FNDA:416,(anonymous_7)
DA:6,1
DA:7,32
DA:8,32
DA:9,32
DA:10,32
DA:11,32
DA:12,32
DA:13,32
DA:14,32
DA:15,32
DA:16,32
DA:17,32
DA:18,32
DA:19,32
DA:22,32
DA:23,32
DA:24,32
DA:25,32
DA:28,1
DA:29,32
DA:39,32
DA:47,32
DA:48,32
DA:50,32
DA:51,224
DA:52,224
DA:53,224
DA:55,224
DA:56,224
DA:57,224
DA:58,224
DA:60,224
DA:61,224
DA:64,32
DA:65,32
DA:67,128
DA:68,128
DA:69,128
DA:70,128
DA:72,128
DA:73,128
DA:74,128
DA:75,128
DA:77,128
DA:78,128
DA:80,32
DA:82,32
DA:86,32
DA:87,32
DA:88,416
DA:90,352
DA:91,352
DA:92,352
DA:94,352
DA:97,1
LF:55
LH:55
BRDA:88,0,0,64
BRDA:88,0,1,352
BRDA:88,1,0,416
BRDA:88,1,1,384
BRF:4
BRH:4
end_of_record
TN:
SF:src/assets/blocks/slider/components/model/model.ts
FN:8,(anonymous_9)
FN:17,Model
FN:22,(anonymous_11)
FN:30,(anonymous_12)
FN:31,(anonymous_13)
FN:32,(anonymous_14)
FN:35,(anonymous_15)
FN:36,(anonymous_16)
FN:39,(anonymous_17)
FN:46,(anonymous_18)
FN:51,(anonymous_19)
FN:55,(anonymous_20)
FN:69,(anonymous_21)
FN:86,(anonymous_22)
FN:93,(anonymous_23)
FN:108,(anonymous_24)
FN:109,(anonymous_25)
FN:130,(anonymous_26)
FN:131,(anonymous_27)
FN:149,(anonymous_28)
FN:151,(anonymous_29)
FN:172,(anonymous_30)
FN:190,(anonymous_31)
FN:209,(anonymous_32)
FN:217,(anonymous_33)
FN:234,(anonymous_34)
FN:254,(anonymous_35)
FN:268,(anonymous_36)
FN:271,(anonymous_37)
FNF:29
FNH:29
FNDA:3,(anonymous_9)
FNDA:84,Model
FNDA:168,(anonymous_11)
FNDA:43,(anonymous_12)
FNDA:77,(anonymous_13)
FNDA:74,(anonymous_14)
FNDA:30,(anonymous_15)
FNDA:78,(anonymous_16)
FNDA:415,(anonymous_17)
FNDA:546,(anonymous_18)
FNDA:3822,(anonymous_19)
FNDA:268,(anonymous_20)
FNDA:1203,(anonymous_21)
FNDA:983,(anonymous_22)
FNDA:52,(anonymous_23)
FNDA:1401,(anonymous_24)
FNDA:1511,(anonymous_25)
FNDA:34,(anonymous_26)
FNDA:48,(anonymous_27)
FNDA:926,(anonymous_28)
FNDA:134,(anonymous_29)
FNDA:153,(anonymous_30)
FNDA:154,(anonymous_31)
FNDA:139,(anonymous_32)
FNDA:135,(anonymous_33)
FNDA:124,(anonymous_34)
FNDA:87,(anonymous_35)
FNDA:102,(anonymous_36)
FNDA:102,(anonymous_37)
DA:8,3
DA:9,84
DA:10,84
DA:11,84
DA:12,84
DA:13,84
DA:14,84
DA:15,84
DA:18,84
DA:19,84
DA:20,84
DA:22,168
DA:23,1
DA:29,83
DA:30,43
DA:31,77
DA:33,74
DA:35,30
DA:36,78
DA:39,83
DA:40,415
DA:43,83
DA:46,546
DA:47,546
DA:50,546
DA:51,3822
DA:52,546
DA:55,268
DA:56,268
DA:57,268
DA:59,268
DA:60,435
DA:62,145
DA:63,49
DA:64,96
DA:65,41
DA:69,1203
DA:70,1203
DA:71,871
DA:75,236
DA:76,154
DA:77,0
DA:79,154
DA:80,154
DA:84,236
DA:86,236
DA:87,983
DA:90,236
DA:93,3
DA:94,104
DA:96,52
DA:97,34
DA:98,34
DA:101,52
DA:102,21
DA:103,21
DA:105,52
DA:108,3
DA:109,1511
DA:110,1401
DA:111,1401
DA:113,1401
DA:115,1446
DA:116,1401
DA:117,1401
DA:118,1401
DA:119,1401
DA:121,1401
DA:122,1401
DA:125,1401
DA:130,3
DA:131,48
DA:132,34
DA:133,34
DA:135,34
DA:136,40
DA:137,34
DA:138,34
DA:139,34
DA:140,34
DA:141,34
DA:142,34
DA:144,34
DA:149,926
DA:150,926
DA:152,134
DA:153,3
DA:156,131
DA:157,2
DA:160,258
DA:162,129
DA:163,1
DA:164,128
DA:165,2
DA:166,126
DA:167,1
DA:169,125
DA:173,153
DA:174,3
DA:176,150
DA:177,1
DA:180,298
DA:181,149
DA:182,2
DA:183,147
DA:184,1
DA:187,146
DA:191,154
DA:192,3
DA:194,151
DA:195,1
DA:198,300
DA:200,150
DA:201,1
DA:202,149
DA:203,1
DA:206,148
DA:210,139
DA:211,0
DA:214,139
DA:218,135
DA:219,1
DA:221,134
DA:222,1
DA:225,399
DA:227,133
DA:228,1
DA:231,132
DA:235,248
DA:236,124
DA:238,88
DA:239,1
DA:242,87
DA:243,0
DA:246,87
DA:248,87
DA:249,1
DA:251,86
DA:255,87
DA:256,87
DA:257,174
DA:259,87
DA:260,2
DA:262,85
DA:263,1
DA:265,84
DA:266,2
DA:268,102
DA:269,0
DA:271,102
DA:272,0
DA:275,82
DA:279,926
DA:280,926
DA:282,3
LF:155
LH:150
BRDA:18,0,0,84
BRDA:18,0,1,84
BRDA:22,1,0,1
BRDA:22,1,1,83
BRDA:40,2,0,302
BRDA:40,2,1,113
BRDA:59,3,0,145
BRDA:59,3,1,123
BRDA:60,4,0,55
BRDA:60,4,1,90
BRDA:60,5,0,17
BRDA:60,5,1,128
BRDA:62,6,0,49
BRDA:62,6,1,96
BRDA:62,7,0,145
BRDA:62,7,1,104
BRDA:64,8,0,41
BRDA:64,8,1,55
BRDA:70,9,0,871
BRDA:70,9,1,332
BRDA:75,10,0,154
BRDA:75,10,1,82
BRDA:76,11,0,0
BRDA:76,11,1,154
BRDA:79,12,0,91
BRDA:79,12,1,63
BRDA:94,13,0,18
BRDA:94,13,1,34
BRDA:94,14,0,31
BRDA:94,14,1,21
BRDA:96,15,0,34
BRDA:96,15,1,18
BRDA:101,16,0,21
BRDA:101,16,1,31
BRDA:115,17,0,1401
BRDA:115,17,1,45
BRDA:116,18,0,28
BRDA:116,18,1,1373
BRDA:121,19,0,28
BRDA:121,19,1,1373
BRDA:136,20,0,34
BRDA:136,20,1,6
BRDA:137,21,0,4
BRDA:137,21,1,30
BRDA:141,22,0,4
BRDA:141,22,1,30
BRDA:152,23,0,3
BRDA:152,23,1,131
BRDA:156,24,0,2
BRDA:156,24,1,129
BRDA:160,25,0,13
BRDA:160,25,1,116
BRDA:160,26,0,13
BRDA:160,26,1,116
BRDA:162,27,0,1
BRDA:162,27,1,128
BRDA:164,28,0,2
BRDA:164,28,1,126
BRDA:166,29,0,1
BRDA:166,29,1,125
BRDA:173,30,0,3
BRDA:173,30,1,150
BRDA:176,31,0,1
BRDA:176,31,1,149
BRDA:180,32,0,10
BRDA:180,32,1,139
BRDA:180,33,0,28
BRDA:180,33,1,121
BRDA:181,34,0,2
BRDA:181,34,1,147
BRDA:183,35,0,1
BRDA:183,35,1,146
BRDA:191,36,0,3
BRDA:191,36,1,151
BRDA:194,37,0,1
BRDA:194,37,1,150
BRDA:198,38,0,12
BRDA:198,38,1,138
BRDA:198,39,0,29
BRDA:198,39,1,121
BRDA:200,40,0,1
BRDA:200,40,1,149
BRDA:202,41,0,1
BRDA:202,41,1,148
BRDA:210,42,0,0
BRDA:210,42,1,139
BRDA:218,43,0,1
BRDA:218,43,1,134
BRDA:221,44,0,1
BRDA:221,44,1,133
BRDA:225,45,0,14
BRDA:225,45,1,119
BRDA:225,46,0,18
BRDA:225,46,1,115
BRDA:225,47,0,18
BRDA:225,47,1,115
BRDA:227,48,0,1
BRDA:227,48,1,132
BRDA:227,49,0,133
BRDA:227,49,1,133
BRDA:235,50,0,6
BRDA:235,50,1,118
BRDA:235,51,0,21
BRDA:235,51,1,103
BRDA:236,52,0,36
BRDA:236,52,1,88
BRDA:238,53,0,1
BRDA:238,53,1,87
BRDA:242,54,0,0
BRDA:242,54,1,87
BRDA:246,55,0,11
BRDA:246,55,1,76
BRDA:248,56,0,1
BRDA:248,56,1,86
BRDA:257,57,0,2
BRDA:257,57,1,85
BRDA:257,58,0,3
BRDA:257,58,1,84
BRDA:259,59,0,2
BRDA:259,59,1,85
BRDA:262,60,0,1
BRDA:262,60,1,84
BRDA:265,61,0,2
BRDA:265,61,1,82
BRDA:265,62,0,84
BRDA:265,62,1,82
BRDA:268,63,0,0
BRDA:268,63,1,82
BRDA:271,64,0,0
BRDA:271,64,1,82
BRDA:279,65,0,0
BRDA:279,65,1,926
BRF:132
BRH:126
end_of_record
TN:
SF:src/assets/blocks/slider/components/presenter/presenter.ts
FN:15,(anonymous_8)
FN:30,Presenter
FN:35,(anonymous_10)
FN:64,(anonymous_11)
FN:77,(anonymous_12)
FN:83,(anonymous_13)
FN:96,(anonymous_14)
FN:103,(anonymous_15)
FN:170,(anonymous_16)
FN:176,(anonymous_17)
FNF:10
FNH:10
FNDA:2,(anonymous_8)
FNDA:50,Presenter
FNDA:50,(anonymous_10)
FNDA:156,(anonymous_11)
FNDA:544,(anonymous_12)
FNDA:404,(anonymous_13)
FNDA:1315,(anonymous_14)
FNDA:622,(anonymous_15)
FNDA:144,(anonymous_16)
FNDA:6,(anonymous_17)
DA:15,2
DA:16,50
DA:17,50
DA:18,50
DA:20,50
DA:21,50
DA:22,50
DA:23,50
DA:24,50
DA:25,50
DA:27,50
DA:28,50
DA:31,50
DA:32,50
DA:35,2
DA:36,50
DA:37,50
DA:38,50
DA:40,50
DA:41,50
DA:42,50
DA:44,50
DA:45,50
DA:46,50
DA:47,50
DA:48,50
DA:49,50
DA:50,50
DA:51,50
DA:53,50
DA:54,50
DA:55,50
DA:56,50
DA:57,50
DA:58,50
DA:59,50
DA:61,50
DA:64,2
DA:65,156
DA:66,156
DA:68,137
DA:69,137
DA:70,44
DA:71,44
DA:74,137
DA:77,2
DA:78,544
DA:79,544
DA:80,544
DA:83,2
DA:84,404
DA:86,404
DA:91,404
DA:96,1315
DA:97,404
DA:99,404
DA:100,404
DA:103,2
DA:104,622
DA:105,27
DA:106,27
DA:107,27
DA:109,595
DA:110,14
DA:111,14
DA:112,14
DA:114,14
DA:115,8
DA:117,6
DA:120,581
DA:121,45
DA:122,45
DA:124,536
DA:126,42
DA:127,29
DA:128,29
DA:131,13
DA:132,13
DA:134,494
DA:136,35
DA:137,18
DA:138,18
DA:141,17
DA:142,17
DA:143,9
DA:145,459
DA:146,55
DA:148,404
DA:149,144
DA:150,144
DA:152,260
DA:153,33
DA:155,33
DA:156,21
DA:158,12
DA:160,33
DA:161,33
DA:164,227
DA:167,567
DA:170,2
DA:171,144
DA:173,144
DA:174,2
DA:175,2
DA:176,2
DA:177,6
DA:179,2
DA:182,2
LF:108
LH:108
BRDA:31,0,0,50
BRDA:31,0,1,50
BRDA:69,1,0,44
BRDA:69,1,1,93
BRDA:104,2,0,27
BRDA:104,2,1,595
BRDA:109,3,0,14
BRDA:109,3,1,581
BRDA:114,4,0,8
BRDA:114,4,1,6
BRDA:120,5,0,45
BRDA:120,5,1,536
BRDA:124,6,0,42
BRDA:124,6,1,494
BRDA:126,7,0,29
BRDA:126,7,1,13
BRDA:134,8,0,35
BRDA:134,8,1,459
BRDA:136,9,0,18
BRDA:136,9,1,17
BRDA:142,10,0,8
BRDA:142,10,1,9
BRDA:145,11,0,55
BRDA:145,11,1,404
BRDA:148,12,0,144
BRDA:148,12,1,260
BRDA:152,13,0,33
BRDA:152,13,1,227
BRDA:155,14,0,21
BRDA:155,14,1,12
BRDA:173,15,0,2
BRDA:173,15,1,142
BRF:32
BRH:32
end_of_record
TN:
SF:src/assets/blocks/slider/components/view/view.ts
FN:16,(anonymous_7)
FN:36,View
FN:40,(anonymous_9)
FN:50,(anonymous_10)
FN:83,(anonymous_11)
FN:86,(anonymous_12)
FN:87,(anonymous_13)
FN:89,(anonymous_14)
FN:94,(anonymous_15)
FN:101,(anonymous_16)
FN:115,(anonymous_17)
FN:119,(anonymous_18)
FN:129,(anonymous_19)
FN:131,(anonymous_20)
FN:155,(anonymous_21)
FN:167,(anonymous_22)
FN:171,(anonymous_23)
FN:176,(anonymous_24)
FN:194,(anonymous_25)
FN:201,(anonymous_26)
FN:209,(anonymous_27)
FN:216,(anonymous_28)
FN:218,(anonymous_29)
FN:232,(anonymous_30)
FN:242,(anonymous_31)
FNF:25
FNH:25
FNDA:3,(anonymous_7)
FNDA:67,View
FNDA:67,(anonymous_9)
FNDA:68,(anonymous_10)
FNDA:731,(anonymous_11)
FNDA:1363,(anonymous_12)
FNDA:1121,(anonymous_13)
FNDA:1121,(anonymous_14)
FNDA:1100,(anonymous_15)
FNDA:611,(anonymous_16)
FNDA:5499,(anonymous_17)
FNDA:275,(anonymous_18)
FNDA:8,(anonymous_19)
FNDA:8,(anonymous_20)
FNDA:85,(anonymous_21)
FNDA:404,(anonymous_22)
FNDA:849,(anonymous_23)
FNDA:62,(anonymous_24)
FNDA:62,(anonymous_25)
FNDA:62,(anonymous_26)
FNDA:49,(anonymous_27)
FNDA:1121,(anonymous_28)
FNDA:556,(anonymous_29)
FNDA:65,(anonymous_30)
FNDA:50,(anonymous_31)
DA:16,3
DA:17,67
DA:18,67
DA:20,67
DA:21,67
DA:22,67
DA:23,67
DA:24,67
DA:27,67
DA:32,67
DA:33,67
DA:37,67
DA:38,67
DA:40,67
DA:41,1
DA:46,66
DA:47,66
DA:50,3
DA:51,68
DA:52,68
DA:54,68
DA:55,68
DA:57,68
DA:58,68
DA:59,68
DA:60,68
DA:62,68
DA:71,68
DA:73,68
DA:74,68
DA:76,68
DA:78,68
DA:80,68
DA:83,731
DA:84,731
DA:86,1363
DA:87,1121
DA:89,1121
DA:90,1121
DA:93,711
DA:94,1100
DA:95,1100
DA:98,711
DA:101,611
DA:102,611
DA:114,611
DA:115,5499
DA:116,611
DA:119,3
DA:123,275
DA:124,32
DA:125,32
DA:127,243
DA:128,8
DA:129,8
DA:131,8
DA:133,8
DA:135,235
DA:136,62
DA:137,62
DA:139,173
DA:140,49
DA:141,49
DA:143,124
DA:144,62
DA:145,62
DA:147,62
DA:148,62
DA:151,235
DA:152,235
DA:155,3
DA:156,85
DA:158,85
DA:159,85
DA:160,57
DA:162,28
DA:164,85
DA:167,3
DA:168,404
DA:171,3
DA:172,849
DA:173,849
DA:176,3
DA:177,62
DA:181,62
DA:182,35
DA:183,17
DA:185,18
DA:188,27
DA:191,62
DA:194,3
DA:195,62
DA:197,60
DA:198,60
DA:201,3
DA:202,62
DA:204,62
DA:205,61
DA:209,3
DA:210,49
DA:212,48
DA:213,48
DA:216,1121
DA:217,1121
DA:219,556
DA:220,1
DA:223,555
DA:224,1
DA:225,554
DA:226,1
DA:227,553
DA:228,1
DA:233,65
DA:234,2
DA:237,63
DA:238,4
DA:243,50
DA:244,5
DA:247,45
DA:248,2
DA:251,43
DA:252,43
DA:253,3
DA:258,1121
DA:259,671
DA:261,3
LF:126
LH:126
BRDA:37,0,0,67
BRDA:37,0,1,67
BRDA:40,1,0,1
BRDA:40,1,1,66
BRDA:123,2,0,32
BRDA:123,2,1,243
BRDA:127,3,0,8
BRDA:127,3,1,235
BRDA:128,4,0,4
BRDA:128,4,1,4
BRDA:135,5,0,62
BRDA:135,5,1,173
BRDA:139,6,0,49
BRDA:139,6,1,124
BRDA:143,7,0,62
BRDA:143,7,1,62
BRDA:147,8,0,62
BRDA:147,8,1,0
BRDA:159,9,0,57
BRDA:159,9,1,28
BRDA:172,10,0,430
BRDA:172,10,1,419
BRDA:181,11,0,35
BRDA:181,11,1,27
BRDA:182,12,0,17
BRDA:182,12,1,18
BRDA:195,13,0,2
BRDA:195,13,1,60
BRDA:197,14,0,39
BRDA:197,14,1,21
BRDA:202,15,0,41
BRDA:202,15,1,21
BRDA:204,16,0,61
BRDA:204,16,1,1
BRDA:210,17,0,1
BRDA:210,17,1,48
BRDA:212,18,0,30
BRDA:212,18,1,18
BRDA:219,19,0,1
BRDA:219,19,1,555
BRDA:223,20,0,1
BRDA:223,20,1,554
BRDA:225,21,0,1
BRDA:225,21,1,553
BRDA:227,22,0,1
BRDA:227,22,1,552
BRDA:233,23,0,2
BRDA:233,23,1,63
BRDA:237,24,0,4
BRDA:237,24,1,59
BRDA:237,25,0,63
BRDA:237,25,1,61
BRDA:243,26,0,5
BRDA:243,26,1,45
BRDA:243,27,0,50
BRDA:243,27,1,47
BRDA:247,28,0,2
BRDA:247,28,1,43
BRDA:251,29,0,43
BRDA:251,29,1,29
BRDA:252,30,0,3
BRDA:252,30,1,40
BRDA:258,31,0,450
BRDA:258,31,1,671
BRF:64
BRH:63
end_of_record
TN:
SF:src/assets/blocks/slider/components/view/components/hint.ts
FN:7,(anonymous_6)
FN:12,Hint
FN:18,(anonymous_8)
FN:31,(anonymous_9)
FN:36,(anonymous_10)
FN:41,(anonymous_11)
FN:46,(anonymous_12)
FNF:7
FNH:6
FNDA:3,(anonymous_6)
FNDA:136,Hint
FNDA:136,(anonymous_8)
FNDA:0,(anonymous_9)
FNDA:849,(anonymous_10)
FNDA:118,(anonymous_11)
FNDA:69,(anonymous_12)
DA:7,3
DA:8,136
DA:10,136
DA:13,136
DA:14,136
DA:15,136
DA:18,3
DA:19,136
DA:20,136
DA:22,136
DA:24,136
DA:26,136
DA:27,2
DA:31,3
DA:32,0
DA:33,0
DA:36,3
DA:37,849
DA:38,849
DA:41,3
DA:42,118
DA:43,118
DA:46,3
DA:47,69
DA:48,69
DA:50,3
LF:26
LH:24
BRDA:13,0,0,136
BRDA:13,0,1,136
BRDA:26,1,0,2
BRDA:26,1,1,134
BRDA:38,2,0,66
BRDA:38,2,1,783
BRDA:47,3,0,0
BRDA:47,3,1,69
BRF:8
BRH:7
end_of_record
TN:
SF:src/assets/blocks/slider/components/view/components/scale.ts
FN:9,(anonymous_8)
FN:17,Scale
FN:19,(anonymous_10)
FN:26,(anonymous_11)
FN:28,(anonymous_12)
FN:36,(anonymous_13)
FN:50,(anonymous_14)
FN:57,(anonymous_15)
FN:58,(anonymous_16)
FN:63,(anonymous_17)
FN:64,(anonymous_18)
FN:85,(anonymous_19)
FN:102,(anonymous_20)
FN:110,(anonymous_21)
FN:118,(anonymous_22)
FNF:15
FNH:15
FNDA:3,(anonymous_8)
FNDA:68,Scale
FNDA:68,(anonymous_10)
FNDA:68,(anonymous_11)
FNDA:204,(anonymous_12)
FNDA:49,(anonymous_13)
FNDA:68,(anonymous_14)
FNDA:406,(anonymous_15)
FNDA:1322,(anonymous_16)
FNDA:99,(anonymous_17)
FNDA:107,(anonymous_18)
FNDA:339,(anonymous_19)
FNDA:62,(anonymous_20)
FNDA:24,(anonymous_21)
FNDA:6,(anonymous_22)
DA:9,3
DA:10,68
DA:12,68
DA:13,68
DA:15,68
DA:18,68
DA:19,68
DA:20,68
DA:23,68
DA:26,68
DA:27,68
DA:28,204
DA:30,68
DA:31,68
DA:33,68
DA:36,3
DA:37,49
DA:38,24
DA:41,49
DA:42,25
DA:45,49
DA:46,0
DA:50,3
DA:51,68
DA:52,68
DA:54,68
DA:57,3
DA:58,406
DA:59,1322
DA:63,99
DA:64,107
DA:65,99
DA:67,99
DA:69,99
DA:70,93
DA:72,93
DA:73,141
DA:74,141
DA:76,141
DA:79,93
DA:81,6
DA:82,3
DA:85,96
DA:86,339
DA:87,339
DA:89,339
DA:90,339
DA:91,339
DA:92,339
DA:94,339
DA:95,339
DA:97,339
DA:98,339
DA:102,3
DA:103,62
DA:104,62
DA:105,62
DA:107,62
DA:110,3
DA:111,24
DA:112,4
DA:114,20
DA:118,3
DA:119,6
DA:120,1
DA:121,5
DA:122,1
DA:123,4
DA:124,1
DA:127,3
LF:70
LH:69
BRDA:18,0,0,68
BRDA:18,0,1,68
BRDA:20,1,0,68
BRDA:20,1,1,0
BRDA:37,2,0,24
BRDA:37,2,1,25
BRDA:41,3,0,25
BRDA:41,3,1,24
BRDA:45,4,0,0
BRDA:45,4,1,49
BRDA:69,5,0,93
BRDA:69,5,1,6
BRDA:111,6,0,4
BRDA:111,6,1,20
BRDA:119,7,0,1
BRDA:119,7,1,5
BRDA:121,8,0,1
BRDA:121,8,1,4
BRDA:123,9,0,1
BRDA:123,9,1,3
BRF:20
BRH:18
end_of_record
TN:
SF:src/assets/blocks/slider/components/view/components/stretcher.ts
FN:4,(anonymous_6)
FN:8,Stretcher
FN:17,(anonymous_8)
FN:24,(anonymous_9)
FNF:4
FNH:4
FNDA:3,(anonymous_6)
FNDA:68,Stretcher
FNDA:68,(anonymous_8)
FNDA:318,(anonymous_9)
DA:4,3
DA:9,68
DA:10,68
DA:11,68
DA:12,68
DA:13,68
DA:14,68
DA:17,3
DA:18,68
DA:19,68
DA:20,68
DA:21,68
DA:24,3
DA:25,318
DA:26,240
DA:30,240
DA:34,78
DA:35,78
DA:40,3
LF:19
LH:19
BRDA:9,0,0,68
BRDA:9,0,1,68
BRDA:25,1,0,240
BRDA:25,1,1,78
BRF:4
BRH:4
end_of_record
TN:
SF:src/assets/blocks/slider/components/view/components/thumbs.ts
FN:8,(anonymous_7)
FN:15,Thumbs
FN:21,(anonymous_9)
FN:22,(anonymous_10)
FN:37,(anonymous_11)
FN:44,(anonymous_12)
FN:59,(anonymous_13)
FN:111,handleDocumentMouseMove
FN:139,handleDocumentMouseUp
FN:148,takeStepIntoAccount
FN:153,(anonymous_17)
FNF:11
FNH:11
FNDA:3,(anonymous_7)
FNDA:68,Thumbs
FNDA:68,(anonymous_9)
FNDA:136,(anonymous_10)
FNDA:112,(anonymous_11)
FNDA:85,(anonymous_12)
FNDA:62,(anonymous_13)
FNDA:49,handleDocumentMouseMove
FNDA:62,handleDocumentMouseUp
FNDA:49,takeStepIntoAccount
FNDA:180,(anonymous_17)
DA:8,3
DA:11,68
DA:12,68
DA:13,68
DA:16,68
DA:17,68
DA:18,68
DA:21,3
DA:22,136
DA:23,68
DA:25,68
DA:26,68
DA:28,68
DA:29,68
DA:31,68
DA:32,68
DA:34,68
DA:37,3
DA:38,112
DA:39,112
DA:41,112
DA:44,3
DA:45,85
DA:47,85
DA:48,57
DA:50,28
DA:53,85
DA:59,3
DA:60,62
DA:62,62
DA:63,62
DA:64,62
DA:66,62
DA:67,62
DA:69,62
DA:70,62
DA:72,62
DA:73,62
DA:76,62
DA:79,62
DA:80,43
DA:82,19
DA:83,19
DA:87,62
DA:88,26
DA:89,26
DA:91,36
DA:94,62
DA:95,62
DA:97,62
DA:99,62
DA:100,62
DA:102,62
DA:107,62
DA:108,62
DA:109,62
DA:112,49
DA:113,49
DA:115,49
DA:116,49
DA:117,49
DA:119,49
DA:120,49
DA:121,49
DA:123,49
DA:125,49
DA:127,49
DA:128,33
DA:130,16
DA:133,49
DA:140,62
DA:141,62
DA:144,62
DA:145,62
DA:149,49
DA:153,3
DA:154,180
DA:155,151
DA:157,29
DA:160,3
LF:80
LH:80
BRDA:16,0,0,68
BRDA:16,0,1,68
BRDA:38,1,0,112
BRDA:38,1,1,0
BRDA:47,2,0,57
BRDA:47,2,1,28
BRDA:79,3,0,43
BRDA:79,3,1,19
BRDA:87,4,0,26
BRDA:87,4,1,36
BRDA:87,5,0,62
BRDA:87,5,1,43
BRDA:100,6,0,43
BRDA:100,6,1,19
BRDA:127,7,0,33
BRDA:127,7,1,16
BRDA:154,8,0,151
BRDA:154,8,1,29
BRF:18
BRH:17
end_of_record
TN:
SF:test/helpers-spec.ts
FN:4,(anonymous_1)
FN:9,(anonymous_2)
FN:13,(anonymous_3)
FN:18,(anonymous_4)
FN:27,(anonymous_5)
FN:34,(anonymous_6)
FN:35,(anonymous_7)
FN:43,(anonymous_8)
FN:59,(anonymous_9)
FN:60,(anonymous_10)
FN:69,(anonymous_11)
FNF:11
FNH:9
FNDA:1,(anonymous_1)
FNDA:5,(anonymous_2)
FNDA:0,(anonymous_3)
FNDA:0,(anonymous_4)
FNDA:1,(anonymous_5)
FNDA:1,(anonymous_6)
FNDA:1,(anonymous_7)
FNDA:1,(anonymous_8)
FNDA:1,(anonymous_9)
FNDA:1,(anonymous_10)
FNDA:1,(anonymous_11)
DA:4,1
DA:9,1
DA:10,5
DA:12,5
DA:14,0
DA:17,5
DA:19,0
DA:22,5
DA:23,5
DA:24,5
DA:27,1
DA:28,1
DA:30,1
DA:34,1
DA:35,1
DA:36,1
DA:37,1
DA:39,1
DA:40,1
DA:43,1
DA:44,1
DA:45,1
DA:46,1
DA:48,1
DA:53,1
DA:59,1
DA:60,1
DA:61,1
DA:62,1
DA:63,1
DA:65,1
DA:66,1
DA:69,1
DA:70,1
LF:34
LH:32
BRF:0
BRH:0
end_of_record
TN:
SF:test/model-spec.ts
FN:5,(anonymous_0)
FN:6,(anonymous_1)
FN:7,(anonymous_2)
FN:9,(anonymous_3)
FN:15,(anonymous_4)
FN:23,(anonymous_5)
FN:24,(anonymous_6)
FN:29,(anonymous_7)
FN:39,(anonymous_8)
FN:45,(anonymous_9)
FN:57,(anonymous_10)
FN:75,(anonymous_11)
FN:81,(anonymous_12)
FN:89,(anonymous_13)
FN:96,(anonymous_14)
FN:99,(anonymous_15)
FN:103,(anonymous_16)
FN:116,(anonymous_17)
FN:117,(anonymous_18)
FN:120,(anonymous_19)
FN:121,(anonymous_20)
FN:122,(anonymous_21)
FN:123,(anonymous_22)
FN:124,(anonymous_23)
FN:125,(anonymous_24)
FN:128,(anonymous_25)
FN:129,(anonymous_26)
FN:133,(anonymous_27)
FN:134,(anonymous_28)
FN:137,(anonymous_29)
FN:142,(anonymous_30)
FN:151,(anonymous_31)
FN:157,(anonymous_32)
FN:166,(anonymous_33)
FN:168,(anonymous_34)
FN:174,(anonymous_35)
FN:180,(anonymous_36)
FN:187,(anonymous_37)
FN:194,(anonymous_38)
FN:202,(anonymous_39)
FN:203,(anonymous_40)
FN:207,(anonymous_41)
FN:213,(anonymous_42)
FN:218,(anonymous_43)
FN:224,(anonymous_44)
FN:226,(anonymous_45)
FN:230,(anonymous_46)
FN:245,(anonymous_47)
FN:251,(anonymous_48)
FN:257,(anonymous_49)
FN:258,(anonymous_50)
FN:264,(anonymous_51)
FN:266,(anonymous_52)
FN:273,(anonymous_53)
FN:281,(anonymous_54)
FN:293,(anonymous_55)
FNF:56
FNH:56
FNDA:1,(anonymous_0)
FNDA:1,(anonymous_1)
FNDA:1,(anonymous_2)
FNDA:8,(anonymous_3)
FNDA:1,(anonymous_4)
FNDA:1,(anonymous_5)
FNDA:1,(anonymous_6)
FNDA:1,(anonymous_7)
FNDA:1,(anonymous_8)
FNDA:1,(anonymous_9)
FNDA:1,(anonymous_10)
FNDA:1,(anonymous_11)
FNDA:1,(anonymous_12)
FNDA:1,(anonymous_13)
FNDA:1,(anonymous_14)
FNDA:9,(anonymous_15)
FNDA:1,(anonymous_16)
FNDA:1,(anonymous_17)
FNDA:1,(anonymous_18)
FNDA:1,(anonymous_19)
FNDA:1,(anonymous_20)
FNDA:1,(anonymous_21)
FNDA:1,(anonymous_22)
FNDA:1,(anonymous_23)
FNDA:1,(anonymous_24)
FNDA:1,(anonymous_25)
FNDA:1,(anonymous_26)
FNDA:1,(anonymous_27)
FNDA:1,(anonymous_28)
FNDA:1,(anonymous_29)
FNDA:1,(anonymous_30)
FNDA:1,(anonymous_31)
FNDA:1,(anonymous_32)
FNDA:1,(anonymous_33)
FNDA:1,(anonymous_34)
FNDA:1,(anonymous_35)
FNDA:1,(anonymous_36)
FNDA:1,(anonymous_37)
FNDA:1,(anonymous_38)
FNDA:1,(anonymous_39)
FNDA:1,(anonymous_40)
FNDA:1,(anonymous_41)
FNDA:1,(anonymous_42)
FNDA:1,(anonymous_43)
FNDA:1,(anonymous_44)
FNDA:4,(anonymous_45)
FNDA:1,(anonymous_46)
FNDA:1,(anonymous_47)
FNDA:1,(anonymous_48)
FNDA:1,(anonymous_49)
FNDA:1,(anonymous_50)
FNDA:1,(anonymous_51)
FNDA:3,(anonymous_52)
FNDA:1,(anonymous_53)
FNDA:1,(anonymous_54)
FNDA:1,(anonymous_55)
DA:5,1
DA:6,1
DA:7,1
DA:8,1
DA:9,1
DA:10,8
DA:11,7
DA:15,1
DA:16,1
DA:17,1
DA:18,1
DA:19,1
DA:22,1
DA:24,1
DA:25,1
DA:29,1
DA:30,1
DA:34,1
DA:35,1
DA:38,1
DA:40,1
DA:41,1
DA:44,1
DA:46,1
DA:47,1
DA:49,1
DA:50,1
DA:52,1
DA:53,1
DA:56,1
DA:58,1
DA:59,1
DA:61,1
DA:62,1
DA:64,1
DA:66,1
DA:67,1
DA:69,1
DA:70,1
DA:71,1
DA:74,1
DA:76,1
DA:77,1
DA:80,1
DA:82,1
DA:83,1
DA:84,1
DA:85,1
DA:86,1
DA:89,1
DA:90,1
DA:91,1
DA:92,1
DA:96,1
DA:99,1
DA:100,9
DA:103,1
DA:104,1
DA:109,1
DA:110,1
DA:111,1
DA:112,1
DA:113,1
DA:116,1
DA:117,1
DA:120,1
DA:121,1
DA:122,1
DA:123,1
DA:124,1
DA:125,1
DA:128,1
DA:129,1
DA:132,1
DA:134,1
DA:137,1
DA:138,1
DA:139,1
DA:142,1
DA:143,1
DA:144,1
DA:145,1
DA:146,1
DA:149,1
DA:152,1
DA:153,1
DA:154,1
DA:157,1
DA:158,1
DA:159,1
DA:160,1
DA:161,1
DA:162,1
DA:166,1
DA:167,1
DA:169,1
DA:172,1
DA:174,1
DA:175,1
DA:180,1
DA:181,1
DA:187,1
DA:188,1
DA:192,1
DA:194,1
DA:195,1
DA:201,1
DA:203,1
DA:204,1
DA:207,1
DA:208,1
DA:212,1
DA:214,1
DA:218,1
DA:219,1
DA:224,1
DA:226,1
DA:227,4
DA:230,1
DA:231,1
DA:232,1
DA:233,1
DA:234,1
DA:235,1
DA:237,1
DA:238,1
DA:239,1
DA:240,1
DA:241,1
DA:244,1
DA:246,1
DA:247,1
DA:250,1
DA:252,1
DA:253,1
DA:256,1
DA:258,1
DA:262,1
DA:266,1
DA:267,3
DA:273,1
DA:274,1
DA:275,1
DA:276,1
DA:277,1
DA:278,1
DA:281,1
DA:282,1
DA:283,1
DA:284,1
DA:285,1
DA:286,1
DA:289,1
DA:294,1
DA:295,1
DA:297,1
DA:298,1
DA:299,1
DA:300,1
DA:301,1
DA:302,1
DA:303,1
DA:305,1
DA:306,1
DA:307,1
DA:308,1
DA:309,1
DA:310,1
DA:311,1
LF:169
LH:169
BRDA:10,0,0,1
BRDA:10,0,1,7
BRF:2
BRH:2
end_of_record
TN:
SF:test/presenter-spec.ts
FN:24,(anonymous_2)
FN:33,(anonymous_3)
FN:37,(anonymous_4)
FN:42,(anonymous_5)
FN:54,(anonymous_6)
FN:66,(anonymous_7)
FN:86,(anonymous_8)
FN:108,(anonymous_9)
FN:116,(anonymous_10)
FN:120,(anonymous_11)
FN:125,(anonymous_12)
FN:134,(anonymous_13)
FN:147,(anonymous_14)
FN:158,(anonymous_15)
FN:166,(anonymous_16)
FN:182,(anonymous_17)
FN:198,(anonymous_18)
FN:213,(anonymous_19)
FN:253,(anonymous_20)
FN:276,(anonymous_21)
FN:286,(anonymous_22)
FN:290,(anonymous_23)
FN:295,(anonymous_24)
FN:308,(anonymous_25)
FN:322,(anonymous_26)
FN:323,(anonymous_27)
FN:327,(anonymous_28)
FN:339,(anonymous_29)
FN:355,(anonymous_30)
FN:396,(anonymous_31)
FN:397,(anonymous_32)
FN:401,(anonymous_33)
FN:415,(anonymous_34)
FNF:33
FNH:33
FNDA:1,(anonymous_2)
FNDA:4,(anonymous_3)
FNDA:4,(anonymous_4)
FNDA:1,(anonymous_5)
FNDA:1,(anonymous_6)
FNDA:1,(anonymous_7)
FNDA:1,(anonymous_8)
FNDA:1,(anonymous_9)
FNDA:9,(anonymous_10)
FNDA:9,(anonymous_11)
FNDA:1,(anonymous_12)
FNDA:1,(anonymous_13)
FNDA:1,(anonymous_14)
FNDA:1,(anonymous_15)
FNDA:1,(anonymous_16)
FNDA:1,(anonymous_17)
FNDA:1,(anonymous_18)
FNDA:1,(anonymous_19)
FNDA:1,(anonymous_20)
FNDA:1,(anonymous_21)
FNDA:2,(anonymous_22)
FNDA:2,(anonymous_23)
FNDA:1,(anonymous_24)
FNDA:1,(anonymous_25)
FNDA:1,(anonymous_26)
FNDA:2,(anonymous_27)
FNDA:2,(anonymous_28)
FNDA:1,(anonymous_29)
FNDA:1,(anonymous_30)
FNDA:1,(anonymous_31)
FNDA:1,(anonymous_32)
FNDA:1,(anonymous_33)
FNDA:1,(anonymous_34)
DA:7,1
DA:9,1
DA:10,1
DA:11,1
DA:13,1
DA:16,1
DA:20,1
DA:24,1
DA:25,1
DA:33,1
DA:34,4
DA:37,1
DA:38,4
DA:39,4
DA:42,1
DA:43,1
DA:44,1
DA:45,1
DA:47,1
DA:49,1
DA:50,1
DA:51,1
DA:54,1
DA:55,1
DA:56,1
DA:57,1
DA:59,1
DA:61,1
DA:62,1
DA:63,1
DA:66,1
DA:67,1
DA:68,1
DA:70,1
DA:71,1
DA:73,1
DA:75,1
DA:81,1
DA:82,1
DA:83,1
DA:86,1
DA:87,1
DA:88,1
DA:90,1
DA:91,1
DA:93,1
DA:95,1
DA:101,1
DA:102,1
DA:103,1
DA:108,1
DA:109,1
DA:116,1
DA:117,9
DA:120,1
DA:121,9
DA:122,9
DA:125,1
DA:126,1
DA:127,1
DA:129,1
DA:130,1
DA:131,1
DA:134,1
DA:135,1
DA:136,1
DA:138,1
DA:140,1
DA:141,1
DA:142,1
DA:143,1
DA:147,1
DA:148,1
DA:149,1
DA:150,1
DA:152,1
DA:153,1
DA:154,1
DA:155,1
DA:158,1
DA:159,1
DA:160,2
DA:162,1
DA:163,1
DA:166,1
DA:167,1
DA:168,1
DA:170,1
DA:171,1
DA:173,1
DA:174,1
DA:175,1
DA:176,1
DA:177,1
DA:178,1
DA:179,1
DA:182,1
DA:183,1
DA:184,1
DA:186,1
DA:187,1
DA:189,1
DA:190,1
DA:191,1
DA:192,1
DA:193,1
DA:194,1
DA:195,1
DA:198,1
DA:199,1
DA:200,1
DA:201,1
DA:202,1
DA:203,1
DA:205,1
DA:207,1
DA:208,1
DA:209,1
DA:210,1
DA:213,1
DA:214,1
DA:221,1
DA:222,1
DA:224,1
DA:225,1
DA:226,1
DA:227,1
DA:228,1
DA:230,1
DA:231,1
DA:232,1
DA:233,1
DA:235,1
DA:237,1
DA:238,1
DA:239,1
DA:240,1
DA:242,1
DA:243,1
DA:244,1
DA:245,1
DA:247,1
DA:248,1
DA:249,1
DA:250,1
DA:253,1
DA:254,1
DA:255,1
DA:257,1
DA:258,1
DA:259,1
DA:260,1
DA:261,1
DA:262,1
DA:264,1
DA:265,1
DA:266,1
DA:267,1
DA:269,1
DA:270,1
DA:271,1
DA:272,1
DA:276,1
DA:278,1
DA:286,1
DA:287,2
DA:290,1
DA:291,2
DA:292,2
DA:295,1
DA:296,1
DA:297,1
DA:298,1
DA:299,1
DA:300,1
DA:302,1
DA:303,1
DA:304,1
DA:305,1
DA:308,1
DA:309,1
DA:310,1
DA:311,1
DA:312,1
DA:313,1
DA:315,1
DA:316,1
DA:317,1
DA:318,1
DA:322,1
DA:323,1
DA:324,2
DA:327,1
DA:328,2
DA:329,2
DA:332,1
DA:339,1
DA:340,1
DA:341,1
DA:343,1
DA:344,1
DA:345,1
DA:346,1
DA:347,1
DA:348,1
DA:349,1
DA:350,1
DA:351,1
DA:352,1
DA:355,1
DA:356,1
DA:357,2
DA:359,1
DA:370,1
DA:372,1
DA:373,1
DA:374,1
DA:375,1
DA:376,1
DA:377,1
DA:379,1
DA:380,1
DA:381,1
DA:382,1
DA:383,1
DA:384,1
DA:386,1
DA:387,1
DA:388,1
DA:389,1
DA:390,1
DA:392,1
DA:396,1
DA:397,1
DA:398,1
DA:401,1
DA:402,1
DA:403,1
DA:406,1
DA:414,1
DA:416,1
DA:418,1
DA:419,1
DA:420,1
DA:422,1
DA:424,1
DA:425,1
DA:426,1
DA:427,1
DA:429,1
DA:430,1
DA:431,1
LF:252
LH:252
BRF:0
BRH:0
end_of_record
TN:
SF:test/slider-options-pallette-spec.ts
FN:35,(anonymous_2)
FN:52,(anonymous_3)
FN:66,(anonymous_4)
FN:73,(anonymous_5)
FN:80,(anonymous_6)
FN:87,(anonymous_7)
FN:93,(anonymous_8)
FN:103,(anonymous_9)
FN:112,(anonymous_10)
FN:124,(anonymous_11)
FN:136,(anonymous_12)
FN:140,(anonymous_13)
FN:145,(anonymous_14)
FN:148,(anonymous_15)
FN:164,(anonymous_16)
FN:174,(anonymous_17)
FN:200,(anonymous_18)
FN:218,(anonymous_19)
FN:232,(anonymous_20)
FN:239,(anonymous_21)
FN:246,(anonymous_22)
FN:253,(anonymous_23)
FN:261,(anonymous_24)
FN:268,(anonymous_25)
FN:273,(anonymous_26)
FN:288,(anonymous_27)
FN:296,(anonymous_28)
FN:307,(anonymous_29)
FN:315,(anonymous_30)
FN:323,(anonymous_31)
FN:331,(anonymous_32)
FN:340,(anonymous_33)
FN:355,(anonymous_34)
FN:363,(anonymous_35)
FN:370,(anonymous_36)
FN:395,(anonymous_37)
FN:420,(anonymous_38)
FN:448,(anonymous_39)
FN:463,(anonymous_40)
FN:487,(anonymous_41)
FN:500,(anonymous_42)
FN:530,(anonymous_43)
FN:548,(anonymous_44)
FN:562,(anonymous_45)
FN:569,(anonymous_46)
FN:600,(anonymous_47)
FNF:46
FNH:46
FNDA:1,(anonymous_2)
FNDA:11,(anonymous_3)
FNDA:11,(anonymous_4)
FNDA:1,(anonymous_5)
FNDA:1,(anonymous_6)
FNDA:1,(anonymous_7)
FNDA:1,(anonymous_8)
FNDA:1,(anonymous_9)
FNDA:1,(anonymous_10)
FNDA:1,(anonymous_11)
FNDA:1,(anonymous_12)
FNDA:3,(anonymous_13)
FNDA:3,(anonymous_14)
FNDA:1,(anonymous_15)
FNDA:1,(anonymous_16)
FNDA:1,(anonymous_17)
FNDA:1,(anonymous_18)
FNDA:12,(anonymous_19)
FNDA:12,(anonymous_20)
FNDA:1,(anonymous_21)
FNDA:1,(anonymous_22)
FNDA:1,(anonymous_23)
FNDA:1,(anonymous_24)
FNDA:1,(anonymous_25)
FNDA:1,(anonymous_26)
FNDA:1,(anonymous_27)
FNDA:1,(anonymous_28)
FNDA:1,(anonymous_29)
FNDA:1,(anonymous_30)
FNDA:1,(anonymous_31)
FNDA:1,(anonymous_32)
FNDA:1,(anonymous_33)
FNDA:7,(anonymous_34)
FNDA:7,(anonymous_35)
FNDA:1,(anonymous_36)
FNDA:1,(anonymous_37)
FNDA:1,(anonymous_38)
FNDA:1,(anonymous_39)
FNDA:1,(anonymous_40)
FNDA:1,(anonymous_41)
FNDA:1,(anonymous_42)
FNDA:1,(anonymous_43)
FNDA:2,(anonymous_44)
FNDA:2,(anonymous_45)
FNDA:1,(anonymous_46)
FNDA:1,(anonymous_47)
DA:20,1
DA:24,1
DA:27,1
DA:31,1
DA:35,1
DA:36,1
DA:37,1
DA:38,1
DA:40,1
DA:50,1
DA:51,1
DA:52,1
DA:53,11
DA:54,11
DA:56,11
DA:57,11
DA:59,11
DA:60,11
DA:61,11
DA:62,11
DA:63,11
DA:66,1
DA:67,11
DA:68,11
DA:69,11
DA:70,11
DA:73,1
DA:74,1
DA:75,1
DA:76,1
DA:77,1
DA:80,1
DA:81,1
DA:82,1
DA:83,1
DA:84,1
DA:87,1
DA:88,1
DA:89,1
DA:90,1
DA:93,1
DA:94,1
DA:95,1
DA:96,1
DA:98,1
DA:99,1
DA:100,1
DA:103,1
DA:104,1
DA:105,1
DA:106,1
DA:107,1
DA:108,1
DA:109,1
DA:112,1
DA:113,1
DA:114,1
DA:115,1
DA:116,1
DA:118,1
DA:119,1
DA:120,1
DA:121,1
DA:124,1
DA:125,1
DA:126,1
DA:127,1
DA:128,1
DA:130,1
DA:131,1
DA:132,1
DA:133,1
DA:136,1
DA:137,1
DA:138,1
DA:139,1
DA:140,3
DA:142,1
DA:143,1
DA:144,1
DA:145,3
DA:148,1
DA:149,1
DA:150,1
DA:151,1
DA:152,1
DA:154,1
DA:155,1
DA:156,1
DA:158,1
DA:159,1
DA:160,1
DA:161,1
DA:164,1
DA:165,1
DA:166,1
DA:167,1
DA:169,1
DA:170,1
DA:171,1
DA:174,1
DA:175,1
DA:176,1
DA:178,1
DA:179,1
DA:181,1
DA:182,1
DA:184,1
DA:185,1
DA:186,1
DA:188,1
DA:189,1
DA:191,1
DA:192,1
DA:193,1
DA:194,1
DA:195,1
DA:200,1
DA:201,1
DA:202,1
DA:203,1
DA:205,1
DA:215,1
DA:216,1
DA:218,1
DA:219,12
DA:220,12
DA:222,12
DA:223,12
DA:225,12
DA:226,12
DA:227,12
DA:228,12
DA:229,12
DA:232,1
DA:233,12
DA:234,12
DA:235,12
DA:236,12
DA:239,1
DA:240,1
DA:241,1
DA:242,1
DA:243,1
DA:246,1
DA:247,1
DA:248,1
DA:249,1
DA:250,1
DA:253,1
DA:254,1
DA:255,1
DA:256,1
DA:257,1
DA:261,1
DA:262,1
DA:263,1
DA:264,1
DA:265,1
DA:268,1
DA:269,1
DA:270,1
DA:273,1
DA:274,1
DA:275,1
DA:276,1
DA:278,1
DA:279,1
DA:281,1
DA:282,1
DA:284,1
DA:285,1
DA:288,1
DA:289,1
DA:290,1
DA:292,1
DA:293,1
DA:296,1
DA:297,1
DA:298,1
DA:300,1
DA:301,1
DA:303,1
DA:304,1
DA:307,1
DA:308,1
DA:309,1
DA:311,1
DA:312,1
DA:315,1
DA:316,1
DA:317,1
DA:319,1
DA:320,1
DA:323,1
DA:324,1
DA:325,1
DA:327,1
DA:328,1
DA:331,1
DA:332,1
DA:333,1
DA:335,1
DA:336,1
DA:340,1
DA:341,1
DA:342,1
DA:343,1
DA:345,1
DA:352,1
DA:353,1
DA:355,1
DA:356,7
DA:357,7
DA:359,7
DA:360,7
DA:363,1
DA:364,7
DA:365,7
DA:366,7
DA:367,7
DA:370,1
DA:371,1
DA:372,1
DA:373,1
DA:375,1
DA:377,1
DA:378,1
DA:379,1
DA:381,1
DA:382,1
DA:383,1
DA:385,1
DA:386,1
DA:387,1
DA:389,1
DA:390,1
DA:391,1
DA:392,1
DA:395,1
DA:396,1
DA:397,1
DA:398,1
DA:400,1
DA:402,1
DA:403,1
DA:404,1
DA:406,1
DA:407,1
DA:408,1
DA:410,1
DA:411,1
DA:412,1
DA:414,1
DA:415,1
DA:416,1
DA:417,1
DA:420,1
DA:421,1
DA:422,1
DA:423,1
DA:425,1
DA:427,1
DA:428,1
DA:429,1
DA:431,1
DA:432,1
DA:433,1
DA:435,1
DA:436,1
DA:437,1
DA:439,1
DA:440,1
DA:441,1
DA:443,1
DA:444,1
DA:445,1
DA:448,1
DA:449,1
DA:450,1
DA:451,1
DA:452,1
DA:454,1
DA:455,1
DA:456,1
DA:458,1
DA:459,1
DA:460,1
DA:463,1
DA:464,1
DA:465,1
DA:467,1
DA:469,1
DA:470,1
DA:471,1
DA:473,1
DA:474,1
DA:475,1
DA:477,1
DA:478,1
DA:479,1
DA:481,1
DA:482,1
DA:483,1
DA:484,1
DA:487,1
DA:488,1
DA:490,1
DA:491,1
DA:492,1
DA:493,1
DA:495,1
DA:496,1
DA:497,1
DA:500,1
DA:501,1
DA:503,1
DA:504,1
DA:505,1
DA:506,1
DA:508,1
DA:509,1
DA:510,1
DA:512,1
DA:513,1
DA:514,1
DA:516,1
DA:517,1
DA:518,1
DA:520,1
DA:521,1
DA:522,1
DA:524,1
DA:525,1
DA:526,1
DA:530,1
DA:531,1
DA:532,1
DA:533,1
DA:535,1
DA:545,1
DA:546,1
DA:548,1
DA:549,2
DA:550,2
DA:552,2
DA:553,2
DA:555,2
DA:556,2
DA:557,2
DA:558,2
DA:559,2
DA:562,1
DA:563,2
DA:564,2
DA:565,2
DA:566,2
DA:569,1
DA:570,1
DA:572,1
DA:573,5
DA:579,5
DA:580,5
DA:581,5
DA:582,5
DA:583,5
DA:586,1
DA:587,5
DA:592,5
DA:593,5
DA:594,5
DA:595,5
DA:596,5
DA:600,1
LF:374
LH:374
BRF:0
BRH:0
end_of_record
TN:
SF:test/view-spec.ts
FN:11,(anonymous_0)
FN:12,(anonymous_1)
FN:16,(anonymous_2)
FN:22,(anonymous_3)
FN:23,(anonymous_4)
FN:29,(anonymous_5)
FN:38,(anonymous_6)
FN:43,(anonymous_7)
FN:46,(anonymous_8)
FN:49,(anonymous_9)
FN:52,(anonymous_10)
FN:55,(anonymous_11)
FN:58,(anonymous_12)
FN:61,(anonymous_13)
FN:64,(anonymous_14)
FN:67,(anonymous_15)
FN:70,(anonymous_16)
FN:73,(anonymous_17)
FN:79,(anonymous_18)
FN:80,(anonymous_19)
FN:84,(anonymous_20)
FN:90,(anonymous_21)
FN:117,(anonymous_22)
FN:143,(anonymous_23)
FN:183,(anonymous_24)
FN:219,(anonymous_25)
FN:272,(anonymous_26)
FN:273,(anonymous_27)
FN:277,(anonymous_28)
FN:282,(anonymous_29)
FN:321,(anonymous_30)
FN:376,(anonymous_31)
FN:397,(anonymous_32)
FN:411,(anonymous_33)
FN:424,(anonymous_34)
FN:434,(anonymous_35)
FN:435,(anonymous_36)
FN:436,(anonymous_37)
FN:447,(anonymous_38)
FN:457,(anonymous_39)
FN:461,(anonymous_40)
FN:466,(anonymous_41)
FN:477,(anonymous_42)
FN:489,(anonymous_43)
FN:499,(anonymous_44)
FN:514,moveThumb
FNF:46
FNH:46
FNDA:1,(anonymous_0)
FNDA:3,(anonymous_1)
FNDA:3,(anonymous_2)
FNDA:1,(anonymous_3)
FNDA:1,(anonymous_4)
FNDA:1,(anonymous_5)
FNDA:1,(anonymous_6)
FNDA:1,(anonymous_7)
FNDA:1,(anonymous_8)
FNDA:1,(anonymous_9)
FNDA:1,(anonymous_10)
FNDA:1,(anonymous_11)
FNDA:1,(anonymous_12)
FNDA:1,(anonymous_13)
FNDA:1,(anonymous_14)
FNDA:1,(anonymous_15)
FNDA:1,(anonymous_16)
FNDA:1,(anonymous_17)
FNDA:1,(anonymous_18)
FNDA:5,(anonymous_19)
FNDA:5,(anonymous_20)
FNDA:1,(anonymous_21)
FNDA:1,(anonymous_22)
FNDA:1,(anonymous_23)
FNDA:1,(anonymous_24)
FNDA:1,(anonymous_25)
FNDA:1,(anonymous_26)
FNDA:5,(anonymous_27)
FNDA:5,(anonymous_28)
FNDA:1,(anonymous_29)
FNDA:1,(anonymous_30)
FNDA:1,(anonymous_31)
FNDA:1,(anonymous_32)
FNDA:5,(anonymous_33)
FNDA:1,(anonymous_34)
FNDA:1,(anonymous_35)
FNDA:1,(anonymous_36)
FNDA:1,(anonymous_37)
FNDA:1,(anonymous_38)
FNDA:4,(anonymous_39)
FNDA:4,(anonymous_40)
FNDA:1,(anonymous_41)
FNDA:1,(anonymous_42)
FNDA:1,(anonymous_43)
FNDA:1,(anonymous_44)
FNDA:30,moveThumb
DA:6,1
DA:8,1
DA:9,1
DA:11,1
DA:12,1
DA:13,3
DA:16,1
DA:17,3
DA:18,3
DA:21,1
DA:23,1
DA:24,1
DA:28,1
DA:30,1
DA:31,1
DA:32,1
DA:33,1
DA:34,1
DA:37,1
DA:39,1
DA:43,1
DA:44,1
DA:46,1
DA:47,1
DA:49,1
DA:50,1
DA:52,1
DA:53,1
DA:55,1
DA:56,1
DA:58,1
DA:59,1
DA:61,1
DA:62,1
DA:64,1
DA:65,1
DA:67,1
DA:68,1
DA:70,1
DA:71,1
DA:73,1
DA:74,1
DA:79,1
DA:80,1
DA:81,5
DA:84,1
DA:85,5
DA:86,5
DA:90,1
DA:91,1
DA:95,1
DA:97,1
DA:98,1
DA:100,1
DA:103,1
DA:104,1
DA:106,1
DA:110,7
DA:111,7
DA:112,7
DA:113,7
DA:117,1
DA:118,1
DA:122,1
DA:123,1
DA:125,1
DA:126,1
DA:128,1
DA:131,1
DA:132,1
DA:134,1
DA:136,0
DA:137,0
DA:138,0
DA:139,0
DA:143,1
DA:144,1
DA:149,1
DA:150,1
DA:152,1
DA:153,1
DA:154,1
DA:158,1
DA:159,1
DA:160,1
DA:162,1
DA:164,1
DA:165,1
DA:166,1
DA:168,1
DA:170,1
DA:171,1
DA:172,1
DA:174,1
DA:176,1
DA:177,1
DA:178,1
DA:180,1
DA:183,1
DA:184,1
DA:189,1
DA:191,1
DA:192,1
DA:193,1
DA:195,1
DA:196,1
DA:197,1
DA:198,1
DA:201,1
DA:202,1
DA:203,1
DA:204,1
DA:205,1
DA:206,1
DA:210,1
DA:211,1
DA:212,1
DA:213,1
DA:214,1
DA:215,1
DA:219,1
DA:220,1
DA:225,1
DA:226,1
DA:227,1
DA:229,1
DA:236,1
DA:239,1
DA:246,1
DA:247,1
DA:248,1
DA:249,1
DA:250,1
DA:251,1
DA:253,1
DA:255,1
DA:262,1
DA:263,1
DA:264,1
DA:265,1
DA:266,1
DA:267,1
DA:268,1
DA:272,1
DA:273,1
DA:274,5
DA:277,1
DA:278,5
DA:279,5
DA:282,1
DA:283,1
DA:290,1
DA:291,1
DA:293,1
DA:294,1
DA:295,1
DA:297,1
DA:298,1
DA:299,1
DA:301,1
DA:302,1
DA:303,1
DA:305,1
DA:306,1
DA:307,1
DA:309,1
DA:310,1
DA:311,1
DA:312,1
DA:314,1
DA:315,1
DA:316,1
DA:317,1
DA:320,1
DA:322,1
DA:329,1
DA:330,1
DA:332,1
DA:336,1
DA:338,5
DA:340,5
DA:342,5
DA:343,5
DA:345,5
DA:346,5
DA:348,5
DA:349,5
DA:352,5
DA:353,5
DA:354,5
DA:356,5
DA:357,5
DA:358,5
DA:361,1
DA:362,1
DA:363,7
DA:365,7
DA:366,7
DA:367,7
DA:369,7
DA:370,7
DA:372,7
DA:376,1
DA:377,1
DA:383,1
DA:384,1
DA:386,1
DA:387,1
DA:389,1
DA:390,1
DA:392,1
DA:393,1
DA:394,1
DA:397,1
DA:398,1
DA:404,1
DA:406,1
DA:407,1
DA:409,1
DA:411,1
DA:412,5
DA:415,1
DA:416,1
DA:417,1
DA:419,1
DA:420,1
DA:421,1
DA:424,1
DA:425,1
DA:431,1
DA:432,1
DA:434,1
DA:435,1
DA:436,1
DA:438,1
DA:440,1
DA:441,1
DA:442,1
DA:443,1
DA:447,1
DA:448,1
DA:454,1
DA:457,1
DA:458,4
DA:461,1
DA:462,4
DA:463,4
DA:466,1
DA:467,1
DA:468,1
DA:469,1
DA:471,1
DA:473,1
DA:474,1
DA:477,1
DA:478,1
DA:479,1
DA:480,1
DA:482,1
DA:484,1
DA:485,1
DA:489,1
DA:490,1
DA:491,1
DA:492,1
DA:494,1
DA:495,1
DA:496,1
DA:499,1
DA:500,1
DA:501,1
DA:503,1
DA:504,1
DA:505,1
DA:506,1
DA:508,1
DA:509,1
DA:510,1
DA:515,54
DA:516,30
DA:517,30
DA:519,30
DA:522,30
DA:528,30
DA:531,30
DA:532,30
DA:533,30
LF:287
LH:283
BRDA:515,0,0,24
BRDA:515,0,1,6
BRF:2
BRH:2
end_of_record
