TN:
SF:src/assets/blocks/helpers/event-observer.ts
FN:3,(anonymous_0)
FN:6,(anonymous_2)
FN:11,(anonymous_3)
FN:14,(anonymous_4)
FN:17,(anonymous_5)
FN:20,(anonymous_6)
FNF:6
FNH:6
FNDA:983,(anonymous_0)
FNDA:2536,(anonymous_2)
FNDA:4,(anonymous_3)
FNDA:4,(anonymous_4)
FNDA:6313,(anonymous_5)
FNDA:2782,(anonymous_6)
DA:3,5
DA:4,978
DA:6,5
DA:7,2536
DA:8,2536
DA:11,5
DA:12,4
DA:13,3
DA:14,4
DA:17,5
DA:18,6313
DA:19,2188
DA:20,2782
DA:23,5
LF:14
LH:14
BRDA:7,0,0,2536
BRDA:7,0,1,1957
BRDA:12,1,0,1
BRDA:12,1,1,3
BRDA:18,2,0,4125
BRDA:18,2,1,2188
BRDA:20,3,0,2782
BRDA:20,3,1,2782
BRF:8
BRH:8
end_of_record
TN:
SF:src/assets/blocks/helpers/functions/is-increasing.ts
FN:1,isIncreasing
FNF:1
FNH:1
FNDA:2,isIncreasing
DA:2,2
DA:3,2
DA:5,2
DA:6,5
DA:7,4
DA:10,1
LF:6
LH:6
BRDA:6,0,0,1
BRDA:6,0,1,4
BRF:2
BRH:2
end_of_record
TN:
SF:src/assets/blocks/main-page/components/binded-input.ts
FN:6,(anonymous_6)
FN:11,BindedInput
FN:20,(anonymous_8)
FN:25,(anonymous_9)
FN:30,(anonymous_10)
FN:55,(anonymous_11)
FNF:6
FNH:6
FNDA:1,(anonymous_6)
FNDA:396,BindedInput
FNDA:396,(anonymous_8)
FNDA:548,(anonymous_9)
FNDA:51,(anonymous_10)
FNDA:575,(anonymous_11)
DA:6,1
DA:12,396
DA:13,396
DA:14,396
DA:15,396
DA:17,396
DA:20,1
DA:21,396
DA:22,396
DA:25,1
DA:26,548
DA:27,548
DA:30,1
DA:33,51
DA:34,12
DA:36,39
DA:39,51
DA:41,51
DA:42,39
DA:45,51
DA:46,51
DA:47,24
DA:49,27
DA:50,27
DA:51,27
DA:55,1
DA:56,575
DA:57,420
DA:58,155
DA:59,155
DA:61,575
DA:63,1
LF:32
LH:32
BRDA:12,0,0,396
BRDA:12,0,1,396
BRDA:33,1,0,12
BRDA:33,1,1,39
BRDA:41,2,0,39
BRDA:41,2,1,12
BRDA:56,3,0,420
BRDA:56,3,1,155
BRDA:58,4,0,155
BRDA:58,4,1,0
BRF:10
BRH:9
end_of_record
TN:
SF:src/assets/blocks/main-page/components/slider-options-palette.ts
FN:6,(anonymous_1)
FN:22,SliderOptionsPalette
FN:29,(anonymous_3)
FN:52,(anonymous_4)
FN:69,(anonymous_5)
FN:88,(anonymous_6)
FN:89,(anonymous_7)
FNF:7
FNH:7
FNDA:1,(anonymous_1)
FNDA:33,SliderOptionsPalette
FNDA:33,(anonymous_3)
FNDA:264,(anonymous_4)
FNDA:132,(anonymous_5)
FNDA:33,(anonymous_6)
FNDA:462,(anonymous_7)
DA:6,1
DA:7,33
DA:8,33
DA:9,33
DA:10,33
DA:11,33
DA:12,33
DA:13,33
DA:14,33
DA:15,33
DA:16,33
DA:17,33
DA:18,33
DA:19,33
DA:20,33
DA:23,33
DA:24,33
DA:25,33
DA:26,33
DA:29,1
DA:30,33
DA:41,33
DA:49,33
DA:50,33
DA:52,33
DA:53,264
DA:54,264
DA:55,264
DA:57,264
DA:58,264
DA:59,264
DA:60,264
DA:62,264
DA:63,264
DA:66,33
DA:67,33
DA:69,132
DA:70,132
DA:71,132
DA:72,132
DA:74,132
DA:75,132
DA:76,132
DA:77,132
DA:79,132
DA:80,132
DA:82,33
DA:84,33
DA:88,33
DA:89,33
DA:90,462
DA:92,396
DA:93,396
DA:94,396
DA:96,396
DA:99,1
LF:56
LH:56
BRDA:90,0,0,66
BRDA:90,0,1,396
BRDA:90,1,0,462
BRDA:90,1,1,429
BRF:4
BRH:4
end_of_record
TN:
SF:src/assets/blocks/slider/slider.ts
FN:7,(anonymous_0)
FN:8,(anonymous_1)
FNF:2
FNH:1
FNDA:1,(anonymous_0)
FNDA:0,(anonymous_1)
DA:7,1
DA:8,1
DA:9,0
LF:3
LH:2
BRF:0
BRH:0
end_of_record
TN:
SF:src/assets/blocks/slider/components/model/model.ts
FN:8,(anonymous_9)
FN:19,Model
FN:24,(anonymous_11)
FN:34,(anonymous_12)
FN:41,(anonymous_13)
FN:42,(anonymous_14)
FN:45,(anonymous_15)
FN:52,(anonymous_16)
FN:57,(anonymous_17)
FN:61,(anonymous_18)
FN:63,(anonymous_19)
FN:72,(anonymous_20)
FN:79,(anonymous_21)
FN:94,(anonymous_22)
FN:99,(anonymous_23)
FN:103,(anonymous_24)
FN:107,(anonymous_25)
FN:115,(anonymous_26)
FN:137,(anonymous_27)
FN:153,(anonymous_28)
FN:199,(anonymous_29)
FN:251,(anonymous_30)
FN:278,(anonymous_31)
FN:294,(anonymous_32)
FN:313,(anonymous_33)
FN:343,(anonymous_34)
FNF:26
FNH:26
FNDA:3,(anonymous_9)
FNDA:92,Model
FNDA:178,(anonymous_11)
FNDA:53,(anonymous_12)
FNDA:87,(anonymous_13)
FNDA:86,(anonymous_14)
FNDA:273,(anonymous_15)
FNDA:644,(anonymous_16)
FNDA:5796,(anonymous_17)
FNDA:327,(anonymous_18)
FNDA:1243,(anonymous_19)
FNDA:878,(anonymous_20)
FNDA:308,(anonymous_21)
FNDA:2635,(anonymous_22)
FNDA:279,(anonymous_23)
FNDA:638,(anonymous_24)
FNDA:8,(anonymous_25)
FNDA:44,(anonymous_26)
FNDA:13,(anonymous_27)
FNDA:164,(anonymous_28)
FNDA:167,(anonymous_29)
FNDA:144,(anonymous_30)
FNDA:133,(anonymous_31)
FNDA:290,(anonymous_32)
FNDA:241,(anonymous_33)
FNDA:5458,(anonymous_34)
DA:8,3
DA:9,92
DA:10,92
DA:11,92
DA:12,92
DA:13,92
DA:14,92
DA:15,92
DA:16,92
DA:17,92
DA:20,92
DA:21,92
DA:22,92
DA:24,178
DA:25,8
DA:26,1
DA:33,91
DA:35,53
DA:36,45
DA:38,8
DA:41,87
DA:42,86
DA:45,91
DA:46,273
DA:49,91
DA:52,644
DA:53,644
DA:56,644
DA:57,5796
DA:58,644
DA:61,327
DA:62,327
DA:63,1243
DA:64,1243
DA:65,917
DA:69,327
DA:70,265
DA:72,265
DA:73,878
DA:76,265
DA:79,3
DA:80,616
DA:82,308
DA:83,174
DA:84,174
DA:87,308
DA:88,137
DA:89,137
DA:91,308
DA:94,3
DA:95,2635
DA:96,2635
DA:99,3
DA:100,279
DA:103,638
DA:104,638
DA:106,638
DA:108,8
DA:109,5
DA:112,3
DA:116,44
DA:117,3
DA:118,41
DA:119,5
DA:120,36
DA:121,3
DA:125,33
DA:126,33
DA:127,33
DA:128,99
DA:130,33
DA:131,2
DA:134,31
DA:138,13
DA:139,1
DA:142,12
DA:143,2
DA:145,10
DA:146,1
DA:149,9
DA:150,9
DA:154,164
DA:155,4
DA:159,160
DA:160,160
DA:161,160
DA:162,160
DA:163,160
DA:164,160
DA:165,160
DA:166,1120
DA:168,160
DA:169,2
DA:171,158
DA:172,2
DA:174,156
DA:175,1
DA:176,1
DA:178,155
DA:179,1
DA:180,1
DA:183,156
DA:184,5
DA:185,1
DA:187,4
DA:189,155
DA:190,2
DA:191,1
DA:193,1
DA:196,154
DA:200,167
DA:201,4
DA:205,163
DA:206,163
DA:207,163
DA:208,163
DA:209,163
DA:210,163
DA:211,163
DA:212,1141
DA:214,163
DA:215,2
DA:217,161
DA:218,2
DA:220,159
DA:221,1
DA:222,1
DA:224,158
DA:225,1
DA:226,1
DA:229,159
DA:230,3
DA:231,1
DA:233,2
DA:234,1
DA:235,1
DA:237,1
DA:241,158
DA:242,4
DA:243,1
DA:245,3
DA:248,157
DA:252,144
DA:253,4
DA:257,140
DA:258,140
DA:259,140
DA:260,140
DA:261,140
DA:262,700
DA:264,140
DA:265,1
DA:266,139
DA:267,2
DA:268,137
DA:269,2
DA:270,135
DA:271,2
DA:272,2
DA:275,135
DA:279,133
DA:280,4
DA:283,258
DA:285,129
DA:286,56
DA:287,73
DA:288,11
DA:291,129
DA:295,290
DA:296,2
DA:300,288
DA:301,288
DA:302,288
DA:303,288
DA:304,1152
DA:306,288
DA:307,2
DA:310,286
DA:314,482
DA:315,241
DA:317,209
DA:318,1
DA:321,416
DA:323,208
DA:324,2
DA:327,206
DA:331,638
DA:343,638
DA:344,5458
DA:345,1204
DA:349,576
DA:351,3
LF:192
LH:192
BRDA:20,0,0,92
BRDA:20,0,1,92
BRDA:24,1,0,8
BRDA:24,1,1,84
BRDA:25,2,0,1
BRDA:25,2,1,7
BRDA:35,3,0,45
BRDA:35,3,1,8
BRDA:41,4,0,87
BRDA:41,4,1,60
BRDA:46,5,0,226
BRDA:46,5,1,47
BRDA:64,6,0,917
BRDA:64,6,1,326
BRDA:80,7,0,134
BRDA:80,7,1,174
BRDA:80,8,0,171
BRDA:80,8,1,137
BRDA:82,9,0,174
BRDA:82,9,1,134
BRDA:87,10,0,137
BRDA:87,10,1,171
BRDA:108,11,0,5
BRDA:108,11,1,3
BRDA:116,12,0,3
BRDA:116,12,1,41
BRDA:118,13,0,5
BRDA:118,13,1,36
BRDA:120,14,0,3
BRDA:120,14,1,33
BRDA:125,15,0,22
BRDA:125,15,1,11
BRDA:126,16,0,23
BRDA:126,16,1,10
BRDA:127,17,0,24
BRDA:127,17,1,9
BRDA:130,18,0,2
BRDA:130,18,1,31
BRDA:138,19,0,1
BRDA:138,19,1,12
BRDA:142,20,0,2
BRDA:142,20,1,10
BRDA:145,21,0,1
BRDA:145,21,1,9
BRDA:154,22,0,4
BRDA:154,22,1,160
BRDA:159,23,0,18
BRDA:159,23,1,142
BRDA:160,24,0,40
BRDA:160,24,1,120
BRDA:161,25,0,149
BRDA:161,25,1,11
BRDA:162,26,0,72
BRDA:162,26,1,88
BRDA:163,27,0,73
BRDA:163,27,1,87
BRDA:164,28,0,159
BRDA:164,28,1,1
BRDA:165,29,0,160
BRDA:165,29,1,0
BRDA:168,30,0,2
BRDA:168,30,1,158
BRDA:171,31,0,2
BRDA:171,31,1,156
BRDA:174,32,0,1
BRDA:174,32,1,155
BRDA:178,33,0,1
BRDA:178,33,1,154
BRDA:183,34,0,5
BRDA:183,34,1,151
BRDA:184,35,0,1
BRDA:184,35,1,4
BRDA:189,36,0,2
BRDA:189,36,1,153
BRDA:190,37,0,1
BRDA:190,37,1,1
BRDA:200,38,0,4
BRDA:200,38,1,163
BRDA:205,39,0,22
BRDA:205,39,1,141
BRDA:206,40,0,42
BRDA:206,40,1,121
BRDA:207,41,0,152
BRDA:207,41,1,11
BRDA:208,42,0,72
BRDA:208,42,1,91
BRDA:209,43,0,76
BRDA:209,43,1,87
BRDA:210,44,0,162
BRDA:210,44,1,1
BRDA:211,45,0,163
BRDA:211,45,1,0
BRDA:214,46,0,2
BRDA:214,46,1,161
BRDA:217,47,0,2
BRDA:217,47,1,159
BRDA:220,48,0,1
BRDA:220,48,1,158
BRDA:224,49,0,1
BRDA:224,49,1,157
BRDA:229,50,0,3
BRDA:229,50,1,156
BRDA:230,51,0,1
BRDA:230,51,1,2
BRDA:233,52,0,1
BRDA:233,52,1,1
BRDA:241,53,0,4
BRDA:241,53,1,154
BRDA:241,54,0,158
BRDA:241,54,1,61
BRDA:242,55,0,1
BRDA:242,55,1,3
BRDA:252,56,0,4
BRDA:252,56,1,140
BRDA:257,57,0,16
BRDA:257,57,1,124
BRDA:258,58,0,15
BRDA:258,58,1,125
BRDA:259,59,0,140
BRDA:259,59,1,0
BRDA:260,60,0,130
BRDA:260,60,1,10
BRDA:261,61,0,136
BRDA:261,61,1,4
BRDA:264,62,0,1
BRDA:264,62,1,139
BRDA:266,63,0,2
BRDA:266,63,1,137
BRDA:268,64,0,2
BRDA:268,64,1,135
BRDA:270,65,0,2
BRDA:270,65,1,133
BRDA:279,66,0,4
BRDA:279,66,1,129
BRDA:283,67,0,62
BRDA:283,67,1,67
BRDA:283,68,0,21
BRDA:283,68,1,108
BRDA:285,69,0,56
BRDA:285,69,1,73
BRDA:285,70,0,129
BRDA:285,70,1,118
BRDA:287,71,0,11
BRDA:287,71,1,62
BRDA:295,72,0,2
BRDA:295,72,1,288
BRDA:300,73,0,189
BRDA:300,73,1,99
BRDA:301,74,0,197
BRDA:301,74,1,91
BRDA:302,75,0,196
BRDA:302,75,1,92
BRDA:303,76,0,288
BRDA:303,76,1,0
BRDA:306,77,0,2
BRDA:306,77,1,286
BRDA:314,78,0,176
BRDA:314,78,1,65
BRDA:314,79,0,150
BRDA:314,79,1,91
BRDA:315,80,0,32
BRDA:315,80,1,209
BRDA:317,81,0,1
BRDA:317,81,1,208
BRDA:321,82,0,148
BRDA:321,82,1,60
BRDA:321,83,0,208
BRDA:321,83,1,0
BRDA:323,84,0,2
BRDA:323,84,1,206
BRDA:344,85,0,1204
BRDA:344,85,1,4254
BRF:172
BRH:167
end_of_record
TN:
SF:src/assets/blocks/slider/components/presenter/presenter.ts
FN:13,(anonymous_8)
FN:18,Presenter
FN:23,(anonymous_10)
FN:57,(anonymous_11)
FN:64,(anonymous_12)
FN:74,(anonymous_13)
FN:80,(anonymous_14)
FN:94,(anonymous_15)
FN:102,(anonymous_16)
FN:182,(anonymous_17)
FN:185,(anonymous_18)
FN:198,(anonymous_19)
FNF:12
FNH:12
FNDA:2,(anonymous_8)
FNDA:54,Presenter
FNDA:54,(anonymous_10)
FNDA:164,(anonymous_11)
FNDA:283,(anonymous_12)
FNDA:634,(anonymous_13)
FNDA:718,(anonymous_14)
FNDA:2300,(anonymous_15)
FNDA:1226,(anonymous_16)
FNDA:1,(anonymous_17)
FNDA:1,(anonymous_18)
FNDA:3780,(anonymous_19)
DA:13,2
DA:14,54
DA:15,54
DA:16,54
DA:19,54
DA:20,54
DA:23,2
DA:24,54
DA:25,54
DA:26,54
DA:28,54
DA:29,54
DA:30,54
DA:32,54
DA:33,54
DA:34,54
DA:35,54
DA:36,54
DA:37,54
DA:38,54
DA:39,54
DA:41,54
DA:42,54
DA:44,54
DA:46,54
DA:47,54
DA:48,54
DA:49,54
DA:50,54
DA:51,54
DA:52,54
DA:54,54
DA:57,2
DA:58,164
DA:59,164
DA:61,140
DA:63,140
DA:64,283
DA:66,140
DA:67,80
DA:68,80
DA:71,140
DA:74,2
DA:75,634
DA:76,634
DA:77,634
DA:80,718
DA:81,718
DA:83,718
DA:88,718
DA:93,718
DA:94,718
DA:95,2300
DA:96,2300
DA:99,718
DA:102,2
DA:103,1226
DA:104,28
DA:105,28
DA:106,28
DA:108,1198
DA:110,16
DA:111,16
DA:112,16
DA:115,16
DA:116,8
DA:118,8
DA:121,1182
DA:122,138
DA:123,138
DA:125,138
DA:126,108
DA:127,108
DA:129,138
DA:131,1044
DA:132,44
DA:133,44
DA:135,1000
DA:136,23
DA:138,977
DA:140,185
DA:141,169
DA:142,169
DA:145,16
DA:146,16
DA:148,792
DA:150,152
DA:151,133
DA:152,133
DA:155,19
DA:156,19
DA:157,12
DA:159,640
DA:160,60
DA:162,580
DA:163,286
DA:165,286
DA:166,161
DA:168,125
DA:171,286
DA:172,286
DA:175,294
DA:178,917
DA:179,917
DA:182,2
DA:185,1
DA:186,2
DA:188,1
DA:193,1
DA:194,1
DA:195,1
DA:198,2
DA:199,3780
DA:202,3780
DA:203,166
DA:205,3614
DA:207,3780
DA:209,2
LF:118
LH:118
BRDA:19,0,0,54
BRDA:19,0,1,54
BRDA:66,1,0,80
BRDA:66,1,1,60
BRDA:103,2,0,28
BRDA:103,2,1,1198
BRDA:108,3,0,16
BRDA:108,3,1,1182
BRDA:115,4,0,8
BRDA:115,4,1,8
BRDA:121,5,0,138
BRDA:121,5,1,1044
BRDA:121,6,0,1182
BRDA:121,6,1,1113
BRDA:125,7,0,108
BRDA:125,7,1,30
BRDA:131,8,0,44
BRDA:131,8,1,1000
BRDA:135,9,0,23
BRDA:135,9,1,977
BRDA:138,10,0,185
BRDA:138,10,1,792
BRDA:140,11,0,169
BRDA:140,11,1,16
BRDA:148,12,0,152
BRDA:148,12,1,640
BRDA:150,13,0,133
BRDA:150,13,1,19
BRDA:156,14,0,7
BRDA:156,14,1,12
BRDA:159,15,0,60
BRDA:159,15,1,580
BRDA:162,16,0,286
BRDA:162,16,1,294
BRDA:165,17,0,161
BRDA:165,17,1,125
BRDA:185,18,0,1
BRDA:185,18,1,0
BRDA:202,19,0,166
BRDA:202,19,1,3614
BRF:40
BRH:39
end_of_record
TN:
SF:src/assets/blocks/slider/components/view/view.ts
FN:14,(anonymous_7)
FN:36,View
FN:40,(anonymous_9)
FN:50,(anonymous_10)
FN:62,(anonymous_11)
FN:63,(anonymous_12)
FN:85,(anonymous_13)
FN:89,(anonymous_14)
FN:90,(anonymous_15)
FN:91,(anonymous_16)
FN:93,(anonymous_17)
FN:98,(anonymous_18)
FN:105,(anonymous_19)
FN:121,(anonymous_20)
FN:125,(anonymous_21)
FN:134,(anonymous_22)
FN:136,(anonymous_23)
FN:160,(anonymous_24)
FN:172,(anonymous_25)
FN:176,(anonymous_26)
FN:181,(anonymous_27)
FN:199,(anonymous_28)
FN:206,(anonymous_29)
FN:214,(anonymous_30)
FN:221,(anonymous_31)
FN:223,(anonymous_32)
FN:237,(anonymous_33)
FNF:27
FNH:25
FNDA:3,(anonymous_7)
FNDA:71,View
FNDA:71,(anonymous_9)
FNDA:72,(anonymous_10)
FNDA:0,(anonymous_11)
FNDA:0,(anonymous_12)
FNDA:357,(anonymous_13)
FNDA:1074,(anonymous_14)
FNDA:812,(anonymous_15)
FNDA:812,(anonymous_16)
FNDA:812,(anonymous_17)
FNDA:802,(anonymous_18)
FNDA:703,(anonymous_19)
FNDA:7733,(anonymous_20)
FNDA:454,(anonymous_21)
FNDA:10,(anonymous_22)
FNDA:8,(anonymous_23)
FNDA:338,(anonymous_24)
FNDA:718,(anonymous_25)
FNDA:1480,(anonymous_26)
FNDA:63,(anonymous_27)
FNDA:64,(anonymous_28)
FNDA:64,(anonymous_29)
FNDA:52,(anonymous_30)
FNDA:812,(anonymous_31)
FNDA:190,(anonymous_32)
FNDA:67,(anonymous_33)
DA:14,3
DA:15,71
DA:16,71
DA:18,71
DA:19,71
DA:20,71
DA:21,71
DA:22,71
DA:25,71
DA:32,71
DA:33,71
DA:37,71
DA:38,71
DA:40,71
DA:41,1
DA:46,70
DA:47,70
DA:50,72
DA:51,72
DA:52,72
DA:54,72
DA:55,72
DA:57,72
DA:58,72
DA:59,72
DA:60,72
DA:62,72
DA:63,72
DA:65,72
DA:74,72
DA:75,72
DA:77,72
DA:79,72
DA:80,72
DA:82,72
DA:85,357
DA:86,357
DA:88,357
DA:89,1074
DA:90,812
DA:91,812
DA:93,812
DA:94,812
DA:97,347
DA:98,802
DA:99,802
DA:102,347
DA:105,703
DA:106,703
DA:120,703
DA:121,7733
DA:122,703
DA:125,3
DA:128,454
DA:129,33
DA:130,33
DA:132,421
DA:133,9
DA:134,10
DA:136,8
DA:138,9
DA:140,412
DA:141,64
DA:142,64
DA:144,348
DA:145,52
DA:146,52
DA:148,296
DA:149,64
DA:150,64
DA:152,232
DA:153,63
DA:156,412
DA:157,412
DA:160,3
DA:161,338
DA:163,338
DA:164,338
DA:165,197
DA:167,141
DA:169,338
DA:172,3
DA:173,718
DA:176,3
DA:177,1480
DA:178,1480
DA:181,3
DA:182,63
DA:186,63
DA:187,39
DA:188,19
DA:190,20
DA:193,24
DA:196,63
DA:199,3
DA:200,64
DA:202,61
DA:203,61
DA:206,3
DA:207,64
DA:209,64
DA:210,63
DA:214,3
DA:215,52
DA:217,50
DA:218,50
DA:221,3
DA:222,812
DA:224,190
DA:225,1
DA:228,189
DA:229,1
DA:230,188
DA:231,1
DA:232,187
DA:233,1
DA:238,67
DA:239,2
DA:242,65
DA:243,4
DA:248,812
DA:249,257
DA:251,3
LF:123
LH:123
BRDA:37,0,0,71
BRDA:37,0,1,71
BRDA:40,1,0,1
BRDA:40,1,1,70
BRDA:128,2,0,33
BRDA:128,2,1,421
BRDA:132,3,0,9
BRDA:132,3,1,412
BRDA:133,4,0,5
BRDA:133,4,1,4
BRDA:140,5,0,64
BRDA:140,5,1,348
BRDA:144,6,0,52
BRDA:144,6,1,296
BRDA:148,7,0,64
BRDA:148,7,1,232
BRDA:152,8,0,63
BRDA:152,8,1,169
BRDA:164,9,0,197
BRDA:164,9,1,141
BRDA:177,10,0,742
BRDA:177,10,1,738
BRDA:186,11,0,39
BRDA:186,11,1,24
BRDA:187,12,0,19
BRDA:187,12,1,20
BRDA:200,13,0,3
BRDA:200,13,1,61
BRDA:202,14,0,37
BRDA:202,14,1,24
BRDA:207,15,0,40
BRDA:207,15,1,24
BRDA:209,16,0,63
BRDA:209,16,1,1
BRDA:215,17,0,2
BRDA:215,17,1,50
BRDA:217,18,0,30
BRDA:217,18,1,20
BRDA:224,19,0,1
BRDA:224,19,1,189
BRDA:228,20,0,1
BRDA:228,20,1,188
BRDA:230,21,0,1
BRDA:230,21,1,187
BRDA:232,22,0,1
BRDA:232,22,1,186
BRDA:238,23,0,2
BRDA:238,23,1,65
BRDA:242,24,0,4
BRDA:242,24,1,61
BRDA:242,25,0,65
BRDA:242,25,1,63
BRDA:248,26,0,555
BRDA:248,26,1,257
BRF:54
BRH:54
end_of_record
TN:
SF:src/assets/blocks/slider/components/view/components/hint.ts
FN:7,(anonymous_6)
FN:12,Hint
FN:18,(anonymous_8)
FN:33,(anonymous_9)
FN:39,(anonymous_10)
FN:44,(anonymous_11)
FN:49,(anonymous_12)
FN:54,(anonymous_13)
FN:59,(anonymous_14)
FNF:9
FNH:8
FNDA:3,(anonymous_6)
FNDA:144,Hint
FNDA:144,(anonymous_8)
FNDA:66,(anonymous_9)
FNDA:0,(anonymous_10)
FNDA:1480,(anonymous_11)
FNDA:123,(anonymous_12)
FNDA:71,(anonymous_13)
FNDA:66,(anonymous_14)
DA:7,3
DA:8,144
DA:10,144
DA:13,144
DA:14,144
DA:15,144
DA:18,3
DA:19,144
DA:20,144
DA:22,144
DA:24,144
DA:26,144
DA:27,2
DA:30,144
DA:33,3
DA:34,66
DA:35,66
DA:39,3
DA:40,0
DA:41,0
DA:44,3
DA:45,1480
DA:46,1480
DA:49,3
DA:50,123
DA:51,123
DA:54,3
DA:55,71
DA:56,71
DA:59,3
DA:60,66
DA:61,66
DA:63,66
DA:64,66
DA:65,66
DA:67,132
DA:68,66
DA:70,66
DA:71,66
DA:72,66
DA:75,3
LF:41
LH:39
BRDA:13,0,0,144
BRDA:13,0,1,144
BRDA:26,1,0,2
BRDA:26,1,1,142
BRDA:34,2,0,66
BRDA:34,2,1,0
BRDA:46,3,0,93
BRDA:46,3,1,1387
BRDA:55,4,0,0
BRDA:55,4,1,71
BRDA:70,5,0,66
BRDA:70,5,1,0
BRF:12
BRH:9
end_of_record
TN:
SF:src/assets/blocks/slider/components/view/components/scale.ts
FN:9,(anonymous_8)
FN:17,Scale
FN:19,(anonymous_10)
FN:26,(anonymous_11)
FN:28,(anonymous_12)
FN:36,(anonymous_13)
FN:51,(anonymous_14)
FN:58,(anonymous_15)
FN:59,(anonymous_16)
FN:64,(anonymous_17)
FN:67,(anonymous_18)
FN:87,(anonymous_19)
FN:106,(anonymous_20)
FN:114,(anonymous_21)
FN:122,(anonymous_22)
FN:131,(anonymous_23)
FN:144,(anonymous_24)
FNF:17
FNH:17
FNDA:3,(anonymous_8)
FNDA:72,Scale
FNDA:72,(anonymous_10)
FNDA:72,(anonymous_11)
FNDA:288,(anonymous_12)
FNDA:240,(anonymous_13)
FNDA:72,(anonymous_14)
FNDA:720,(anonymous_15)
FNDA:2307,(anonymous_16)
FNDA:256,(anonymous_17)
FNDA:597,(anonymous_18)
FNDA:839,(anonymous_19)
FNDA:63,(anonymous_20)
FNDA:27,(anonymous_21)
FNDA:286,(anonymous_22)
FNDA:938,(anonymous_23)
FNDA:4,(anonymous_24)
DA:9,3
DA:10,72
DA:12,72
DA:13,72
DA:15,72
DA:18,72
DA:19,72
DA:20,72
DA:23,72
DA:26,72
DA:27,72
DA:28,288
DA:30,72
DA:31,72
DA:33,72
DA:36,3
DA:37,240
DA:38,27
DA:40,213
DA:41,51
DA:43,162
DA:44,129
DA:46,33
DA:47,33
DA:51,3
DA:52,72
DA:53,72
DA:55,72
DA:58,3
DA:59,720
DA:60,2307
DA:64,256
DA:65,256
DA:67,597
DA:68,256
DA:71,256
DA:72,252
DA:74,252
DA:75,331
DA:76,331
DA:78,331
DA:81,252
DA:83,4
DA:84,1
DA:87,253
DA:88,839
DA:89,839
DA:91,839
DA:92,839
DA:94,839
DA:96,839
DA:97,839
DA:99,839
DA:102,253
DA:103,253
DA:106,3
DA:107,63
DA:108,63
DA:109,63
DA:111,63
DA:114,3
DA:115,27
DA:116,4
DA:118,23
DA:122,3
DA:123,286
DA:124,572
DA:125,286
DA:127,286
DA:128,286
DA:129,286
DA:131,286
DA:132,938
DA:133,938
DA:135,938
DA:136,935
DA:138,938
DA:140,938
DA:144,3
DA:145,4
DA:146,1
DA:147,3
DA:148,1
DA:149,2
DA:150,1
DA:153,3
LF:86
LH:86
BRDA:18,0,0,72
BRDA:18,0,1,72
BRDA:20,1,0,72
BRDA:20,1,1,0
BRDA:37,2,0,27
BRDA:37,2,1,213
BRDA:40,3,0,51
BRDA:40,3,1,162
BRDA:43,4,0,129
BRDA:43,4,1,33
BRDA:46,5,0,33
BRDA:46,5,1,0
BRDA:71,6,0,252
BRDA:71,6,1,4
BRDA:115,7,0,4
BRDA:115,7,1,23
BRDA:135,8,0,935
BRDA:135,8,1,3
BRDA:145,9,0,1
BRDA:145,9,1,3
BRDA:147,10,0,1
BRDA:147,10,1,2
BRDA:149,11,0,1
BRDA:149,11,1,1
BRF:24
BRH:22
end_of_record
TN:
SF:src/assets/blocks/slider/components/view/components/stretcher.ts
FN:4,(anonymous_6)
FN:8,Stretcher
FN:17,(anonymous_8)
FN:24,(anonymous_9)
FNF:4
FNH:4
FNDA:3,(anonymous_6)
FNDA:72,Stretcher
FNDA:72,(anonymous_8)
FNDA:588,(anonymous_9)
DA:4,3
DA:9,72
DA:10,72
DA:11,72
DA:12,72
DA:13,72
DA:14,72
DA:17,3
DA:18,72
DA:19,72
DA:20,72
DA:21,72
DA:24,3
DA:25,588
DA:26,486
DA:30,486
DA:34,102
DA:35,102
DA:40,3
LF:19
LH:19
BRDA:9,0,0,72
BRDA:9,0,1,72
BRDA:25,1,0,486
BRDA:25,1,1,102
BRF:4
BRH:4
end_of_record
TN:
SF:src/assets/blocks/slider/components/view/components/thumbs.ts
FN:8,(anonymous_7)
FN:15,Thumbs
FN:21,(anonymous_9)
FN:22,(anonymous_10)
FN:37,(anonymous_11)
FN:44,(anonymous_12)
FN:59,(anonymous_13)
FN:111,handleDocumentMouseMove
FN:139,handleDocumentMouseUp
FN:148,takeStepIntoAccount
FN:153,(anonymous_17)
FNF:11
FNH:11
FNDA:3,(anonymous_7)
FNDA:72,Thumbs
FNDA:72,(anonymous_9)
FNDA:144,(anonymous_10)
FNDA:122,(anonymous_11)
FNDA:338,(anonymous_12)
FNDA:64,(anonymous_13)
FNDA:52,handleDocumentMouseMove
FNDA:64,handleDocumentMouseUp
FNDA:52,takeStepIntoAccount
FNDA:194,(anonymous_17)
DA:8,3
DA:11,72
DA:12,72
DA:13,72
DA:16,72
DA:17,72
DA:18,72
DA:21,3
DA:22,144
DA:23,72
DA:25,72
DA:26,72
DA:28,72
DA:29,72
DA:31,72
DA:32,72
DA:34,72
DA:37,3
DA:38,122
DA:39,122
DA:41,122
DA:44,3
DA:45,338
DA:47,338
DA:48,197
DA:50,141
DA:53,338
DA:59,3
DA:60,64
DA:62,64
DA:63,64
DA:64,64
DA:66,64
DA:67,64
DA:69,64
DA:70,64
DA:72,64
DA:73,64
DA:76,64
DA:79,64
DA:80,42
DA:82,22
DA:83,22
DA:87,64
DA:88,28
DA:89,28
DA:91,36
DA:94,64
DA:95,64
DA:97,64
DA:99,64
DA:100,64
DA:102,64
DA:107,64
DA:108,64
DA:109,64
DA:112,52
DA:113,52
DA:115,52
DA:116,52
DA:117,52
DA:119,52
DA:120,52
DA:121,52
DA:123,52
DA:125,52
DA:127,52
DA:128,34
DA:130,18
DA:133,52
DA:140,64
DA:141,64
DA:144,64
DA:145,64
DA:149,52
DA:153,3
DA:154,194
DA:155,168
DA:157,26
DA:160,3
LF:80
LH:80
BRDA:16,0,0,72
BRDA:16,0,1,72
BRDA:38,1,0,122
BRDA:38,1,1,0
BRDA:47,2,0,197
BRDA:47,2,1,141
BRDA:79,3,0,42
BRDA:79,3,1,22
BRDA:87,4,0,28
BRDA:87,4,1,36
BRDA:87,5,0,64
BRDA:87,5,1,42
BRDA:100,6,0,42
BRDA:100,6,1,22
BRDA:127,7,0,34
BRDA:127,7,1,18
BRDA:154,8,0,168
BRDA:154,8,1,26
BRF:18
BRH:17
end_of_record
TN:
SF:test/helpers-spec.ts
FN:4,(anonymous_1)
FN:9,(anonymous_2)
FN:13,(anonymous_3)
FN:18,(anonymous_4)
FN:27,(anonymous_5)
FN:34,(anonymous_6)
FN:35,(anonymous_7)
FN:43,(anonymous_8)
FN:59,(anonymous_9)
FN:60,(anonymous_10)
FN:69,(anonymous_11)
FNF:11
FNH:9
FNDA:1,(anonymous_1)
FNDA:5,(anonymous_2)
FNDA:0,(anonymous_3)
FNDA:0,(anonymous_4)
FNDA:1,(anonymous_5)
FNDA:1,(anonymous_6)
FNDA:1,(anonymous_7)
FNDA:1,(anonymous_8)
FNDA:1,(anonymous_9)
FNDA:1,(anonymous_10)
FNDA:1,(anonymous_11)
DA:4,1
DA:9,1
DA:10,5
DA:12,5
DA:14,0
DA:17,5
DA:19,0
DA:22,5
DA:23,5
DA:24,5
DA:27,1
DA:28,1
DA:30,1
DA:34,1
DA:35,1
DA:36,1
DA:37,1
DA:39,1
DA:40,1
DA:43,1
DA:44,1
DA:45,1
DA:46,1
DA:48,1
DA:53,1
DA:59,1
DA:60,1
DA:61,1
DA:62,1
DA:63,1
DA:65,1
DA:66,1
DA:69,1
DA:70,1
LF:34
LH:32
BRF:0
BRH:0
end_of_record
TN:
SF:test/model-spec.ts
FN:5,(anonymous_0)
FN:6,(anonymous_1)
FN:7,(anonymous_2)
FN:9,(anonymous_3)
FN:15,(anonymous_4)
FN:17,(anonymous_5)
FN:24,(anonymous_6)
FN:25,(anonymous_7)
FN:28,(anonymous_8)
FN:29,(anonymous_9)
FN:30,(anonymous_10)
FN:31,(anonymous_11)
FN:34,(anonymous_12)
FN:42,(anonymous_13)
FN:43,(anonymous_14)
FN:48,(anonymous_15)
FN:58,(anonymous_16)
FN:64,(anonymous_17)
FN:76,(anonymous_18)
FN:93,(anonymous_19)
FN:101,(anonymous_20)
FN:108,(anonymous_21)
FN:111,(anonymous_22)
FN:115,(anonymous_23)
FN:126,(anonymous_24)
FN:127,(anonymous_25)
FN:128,(anonymous_26)
FN:129,(anonymous_27)
FN:130,(anonymous_28)
FN:133,(anonymous_29)
FN:134,(anonymous_30)
FN:135,(anonymous_31)
FN:136,(anonymous_32)
FN:137,(anonymous_33)
FN:138,(anonymous_34)
FN:146,(anonymous_35)
FN:147,(anonymous_36)
FN:148,(anonymous_37)
FN:149,(anonymous_38)
FN:150,(anonymous_39)
FN:151,(anonymous_40)
FN:152,(anonymous_41)
FN:155,(anonymous_42)
FN:156,(anonymous_43)
FN:158,(anonymous_44)
FN:162,(anonymous_45)
FN:176,(anonymous_46)
FN:177,(anonymous_47)
FN:178,(anonymous_48)
FN:181,(anonymous_49)
FN:182,(anonymous_50)
FN:183,(anonymous_51)
FN:184,(anonymous_52)
FN:185,(anonymous_53)
FN:186,(anonymous_54)
FN:187,(anonymous_55)
FN:190,(anonymous_56)
FN:191,(anonymous_57)
FN:192,(anonymous_58)
FN:195,(anonymous_59)
FN:196,(anonymous_60)
FN:200,(anonymous_61)
FN:213,(anonymous_62)
FN:214,(anonymous_63)
FN:216,(anonymous_64)
FN:219,(anonymous_65)
FN:220,(anonymous_66)
FN:224,(anonymous_67)
FN:230,(anonymous_68)
FN:233,(anonymous_69)
FN:236,(anonymous_70)
FN:241,(anonymous_71)
FN:244,(anonymous_72)
FN:245,(anonymous_73)
FN:248,(anonymous_74)
FN:252,(anonymous_75)
FN:262,(anonymous_76)
FN:271,(anonymous_77)
FN:273,(anonymous_78)
FN:277,(anonymous_79)
FN:292,(anonymous_80)
FN:298,(anonymous_81)
FN:304,(anonymous_82)
FN:305,(anonymous_83)
FN:306,(anonymous_84)
FN:312,(anonymous_85)
FN:314,(anonymous_86)
FN:321,(anonymous_87)
FN:329,(anonymous_88)
FNF:89
FNH:89
FNDA:1,(anonymous_0)
FNDA:1,(anonymous_1)
FNDA:1,(anonymous_2)
FNDA:10,(anonymous_3)
FNDA:1,(anonymous_4)
FNDA:10,(anonymous_5)
FNDA:1,(anonymous_6)
FNDA:1,(anonymous_7)
FNDA:1,(anonymous_8)
FNDA:1,(anonymous_9)
FNDA:1,(anonymous_10)
FNDA:1,(anonymous_11)
FNDA:1,(anonymous_12)
FNDA:1,(anonymous_13)
FNDA:1,(anonymous_14)
FNDA:1,(anonymous_15)
FNDA:1,(anonymous_16)
FNDA:1,(anonymous_17)
FNDA:1,(anonymous_18)
FNDA:1,(anonymous_19)
FNDA:1,(anonymous_20)
FNDA:1,(anonymous_21)
FNDA:18,(anonymous_22)
FNDA:1,(anonymous_23)
FNDA:1,(anonymous_24)
FNDA:1,(anonymous_25)
FNDA:1,(anonymous_26)
FNDA:1,(anonymous_27)
FNDA:1,(anonymous_28)
FNDA:1,(anonymous_29)
FNDA:1,(anonymous_30)
FNDA:1,(anonymous_31)
FNDA:1,(anonymous_32)
FNDA:1,(anonymous_33)
FNDA:1,(anonymous_34)
FNDA:1,(anonymous_35)
FNDA:1,(anonymous_36)
FNDA:1,(anonymous_37)
FNDA:1,(anonymous_38)
FNDA:1,(anonymous_39)
FNDA:1,(anonymous_40)
FNDA:1,(anonymous_41)
FNDA:1,(anonymous_42)
FNDA:1,(anonymous_43)
FNDA:1,(anonymous_44)
FNDA:1,(anonymous_45)
FNDA:1,(anonymous_46)
FNDA:1,(anonymous_47)
FNDA:1,(anonymous_48)
FNDA:1,(anonymous_49)
FNDA:1,(anonymous_50)
FNDA:1,(anonymous_51)
FNDA:1,(anonymous_52)
FNDA:1,(anonymous_53)
FNDA:1,(anonymous_54)
FNDA:1,(anonymous_55)
FNDA:1,(anonymous_56)
FNDA:1,(anonymous_57)
FNDA:1,(anonymous_58)
FNDA:1,(anonymous_59)
FNDA:1,(anonymous_60)
FNDA:1,(anonymous_61)
FNDA:1,(anonymous_62)
FNDA:1,(anonymous_63)
FNDA:1,(anonymous_64)
FNDA:1,(anonymous_65)
FNDA:1,(anonymous_66)
FNDA:1,(anonymous_67)
FNDA:1,(anonymous_68)
FNDA:1,(anonymous_69)
FNDA:1,(anonymous_70)
FNDA:1,(anonymous_71)
FNDA:1,(anonymous_72)
FNDA:1,(anonymous_73)
FNDA:1,(anonymous_74)
FNDA:1,(anonymous_75)
FNDA:1,(anonymous_76)
FNDA:1,(anonymous_77)
FNDA:4,(anonymous_78)
FNDA:1,(anonymous_79)
FNDA:1,(anonymous_80)
FNDA:1,(anonymous_81)
FNDA:1,(anonymous_82)
FNDA:1,(anonymous_83)
FNDA:1,(anonymous_84)
FNDA:1,(anonymous_85)
FNDA:2,(anonymous_86)
FNDA:1,(anonymous_87)
FNDA:1,(anonymous_88)
DA:5,1
DA:6,1
DA:7,1
DA:8,1
DA:9,1
DA:10,10
DA:11,9
DA:15,1
DA:16,1
DA:17,1
DA:18,10
DA:19,9
DA:23,1
DA:25,1
DA:28,1
DA:29,1
DA:30,1
DA:31,1
DA:34,1
DA:35,1
DA:36,1
DA:37,1
DA:38,1
DA:41,1
DA:43,1
DA:44,1
DA:48,1
DA:49,1
DA:53,1
DA:54,1
DA:57,1
DA:59,1
DA:60,1
DA:63,1
DA:65,1
DA:66,1
DA:68,1
DA:69,1
DA:71,1
DA:72,1
DA:75,1
DA:77,1
DA:79,1
DA:80,1
DA:82,1
DA:84,1
DA:85,1
DA:87,1
DA:88,1
DA:89,1
DA:92,1
DA:94,1
DA:95,1
DA:96,1
DA:97,1
DA:98,1
DA:101,1
DA:102,1
DA:103,1
DA:104,1
DA:108,1
DA:111,1
DA:112,18
DA:115,1
DA:116,1
DA:121,1
DA:122,1
DA:123,1
DA:124,1
DA:125,1
DA:126,1
DA:127,1
DA:128,1
DA:129,1
DA:130,1
DA:133,1
DA:134,1
DA:135,1
DA:136,1
DA:137,1
DA:138,1
DA:140,1
DA:141,1
DA:142,1
DA:143,1
DA:146,1
DA:147,1
DA:148,1
DA:149,1
DA:150,1
DA:151,1
DA:152,1
DA:155,1
DA:156,1
DA:157,1
DA:158,1
DA:161,1
DA:163,1
DA:164,1
DA:165,1
DA:166,1
DA:167,1
DA:169,1
DA:170,1
DA:171,1
DA:172,1
DA:173,1
DA:176,1
DA:177,1
DA:178,1
DA:181,1
DA:182,1
DA:183,1
DA:184,1
DA:185,1
DA:186,1
DA:187,1
DA:190,1
DA:191,1
DA:192,1
DA:195,1
DA:196,1
DA:199,1
DA:202,1
DA:203,1
DA:204,1
DA:205,1
DA:207,1
DA:208,1
DA:209,1
DA:212,1
DA:214,1
DA:215,1
DA:216,1
DA:219,1
DA:220,1
DA:223,1
DA:225,1
DA:226,1
DA:227,1
DA:230,1
DA:231,1
DA:232,1
DA:233,1
DA:236,1
DA:237,1
DA:238,1
DA:239,1
DA:240,1
DA:241,1
DA:244,1
DA:245,1
DA:247,1
DA:248,1
DA:251,1
DA:253,1
DA:255,1
DA:256,1
DA:257,1
DA:258,1
DA:259,1
DA:262,1
DA:263,1
DA:264,1
DA:265,1
DA:266,1
DA:267,1
DA:271,1
DA:273,1
DA:274,4
DA:277,1
DA:278,1
DA:279,1
DA:280,1
DA:281,1
DA:282,1
DA:284,1
DA:285,1
DA:286,1
DA:287,1
DA:288,1
DA:291,1
DA:293,1
DA:294,1
DA:297,1
DA:299,1
DA:300,1
DA:303,1
DA:305,1
DA:306,1
DA:310,1
DA:314,1
DA:315,2
DA:321,1
DA:322,1
DA:323,1
DA:324,1
DA:325,1
DA:326,1
DA:329,1
DA:330,1
DA:331,1
DA:332,1
DA:333,1
DA:334,1
LF:205
LH:205
BRDA:10,0,0,1
BRDA:10,0,1,9
BRDA:18,1,0,1
BRDA:18,1,1,9
BRF:4
BRH:4
end_of_record
TN:
SF:test/presenter-spec.ts
FN:24,(anonymous_2)
FN:33,(anonymous_3)
FN:37,(anonymous_4)
FN:42,(anonymous_5)
FN:54,(anonymous_6)
FN:66,(anonymous_7)
FN:100,(anonymous_8)
FN:110,(anonymous_9)
FN:114,(anonymous_10)
FN:119,(anonymous_11)
FN:131,(anonymous_12)
FN:143,(anonymous_13)
FN:177,(anonymous_14)
FN:185,(anonymous_15)
FN:189,(anonymous_16)
FN:194,(anonymous_17)
FN:203,(anonymous_18)
FN:218,(anonymous_19)
FN:239,(anonymous_20)
FN:250,(anonymous_21)
FN:258,(anonymous_22)
FN:274,(anonymous_23)
FN:290,(anonymous_24)
FN:305,(anonymous_25)
FN:328,(anonymous_26)
FN:338,(anonymous_27)
FN:342,(anonymous_28)
FN:347,(anonymous_29)
FN:360,(anonymous_30)
FN:374,(anonymous_31)
FN:375,(anonymous_32)
FN:379,(anonymous_33)
FN:391,(anonymous_34)
FN:407,(anonymous_35)
FN:448,(anonymous_36)
FN:449,(anonymous_37)
FN:453,(anonymous_38)
FN:467,(anonymous_39)
FN:486,(anonymous_40)
FN:487,(anonymous_41)
FN:491,(anonymous_42)
FN:503,(anonymous_43)
FN:508,(anonymous_44)
FNF:43
FNH:43
FNDA:1,(anonymous_2)
FNDA:3,(anonymous_3)
FNDA:3,(anonymous_4)
FNDA:1,(anonymous_5)
FNDA:1,(anonymous_6)
FNDA:1,(anonymous_7)
FNDA:1,(anonymous_8)
FNDA:3,(anonymous_9)
FNDA:3,(anonymous_10)
FNDA:1,(anonymous_11)
FNDA:1,(anonymous_12)
FNDA:1,(anonymous_13)
FNDA:1,(anonymous_14)
FNDA:9,(anonymous_15)
FNDA:9,(anonymous_16)
FNDA:1,(anonymous_17)
FNDA:1,(anonymous_18)
FNDA:1,(anonymous_19)
FNDA:1,(anonymous_20)
FNDA:1,(anonymous_21)
FNDA:1,(anonymous_22)
FNDA:1,(anonymous_23)
FNDA:1,(anonymous_24)
FNDA:1,(anonymous_25)
FNDA:1,(anonymous_26)
FNDA:2,(anonymous_27)
FNDA:2,(anonymous_28)
FNDA:1,(anonymous_29)
FNDA:1,(anonymous_30)
FNDA:1,(anonymous_31)
FNDA:2,(anonymous_32)
FNDA:2,(anonymous_33)
FNDA:1,(anonymous_34)
FNDA:1,(anonymous_35)
FNDA:1,(anonymous_36)
FNDA:1,(anonymous_37)
FNDA:1,(anonymous_38)
FNDA:1,(anonymous_39)
FNDA:1,(anonymous_40)
FNDA:1,(anonymous_41)
FNDA:1,(anonymous_42)
FNDA:1,(anonymous_43)
FNDA:3,(anonymous_44)
DA:7,1
DA:9,1
DA:10,1
DA:11,1
DA:13,1
DA:16,1
DA:20,1
DA:24,1
DA:25,1
DA:33,1
DA:34,3
DA:37,1
DA:38,3
DA:39,3
DA:42,1
DA:43,1
DA:44,1
DA:45,1
DA:47,1
DA:49,1
DA:50,1
DA:51,1
DA:54,1
DA:55,1
DA:56,1
DA:57,1
DA:59,1
DA:61,1
DA:62,1
DA:63,1
DA:66,1
DA:67,1
DA:68,1
DA:69,1
DA:71,1
DA:72,1
DA:74,1
DA:76,1
DA:82,1
DA:83,1
DA:84,1
DA:86,1
DA:92,1
DA:93,1
DA:94,1
DA:95,1
DA:96,1
DA:100,1
DA:101,1
DA:110,1
DA:111,3
DA:114,1
DA:115,3
DA:116,3
DA:119,1
DA:120,1
DA:121,1
DA:122,1
DA:124,1
DA:126,1
DA:127,1
DA:128,1
DA:131,1
DA:132,1
DA:133,1
DA:134,1
DA:136,1
DA:138,1
DA:139,1
DA:140,1
DA:143,1
DA:144,1
DA:145,1
DA:146,1
DA:148,1
DA:149,1
DA:151,1
DA:153,1
DA:159,1
DA:160,1
DA:161,1
DA:163,1
DA:169,1
DA:170,1
DA:171,1
DA:172,1
DA:173,1
DA:177,1
DA:178,1
DA:185,1
DA:186,9
DA:189,1
DA:190,9
DA:191,9
DA:194,1
DA:195,1
DA:196,1
DA:198,1
DA:199,1
DA:200,1
DA:203,1
DA:204,1
DA:205,1
DA:207,1
DA:209,1
DA:210,1
DA:211,1
DA:212,1
DA:214,1
DA:215,1
DA:218,1
DA:219,1
DA:221,1
DA:230,1
DA:231,1
DA:232,1
DA:234,1
DA:235,1
DA:236,1
DA:239,1
DA:240,1
DA:241,1
DA:242,1
DA:244,1
DA:245,1
DA:246,1
DA:247,1
DA:250,1
DA:251,1
DA:252,2
DA:254,1
DA:255,1
DA:258,1
DA:259,1
DA:260,1
DA:262,1
DA:263,1
DA:265,1
DA:266,1
DA:267,1
DA:268,1
DA:269,1
DA:270,1
DA:271,1
DA:274,1
DA:275,1
DA:276,1
DA:278,1
DA:279,1
DA:281,1
DA:282,1
DA:283,1
DA:284,1
DA:285,1
DA:286,1
DA:287,1
DA:290,1
DA:291,1
DA:292,1
DA:293,1
DA:294,1
DA:295,1
DA:297,1
DA:299,1
DA:300,1
DA:301,1
DA:302,1
DA:305,1
DA:306,1
DA:307,1
DA:309,1
DA:310,1
DA:311,1
DA:312,1
DA:313,1
DA:314,1
DA:316,1
DA:317,1
DA:318,1
DA:319,1
DA:321,1
DA:322,1
DA:323,1
DA:324,1
DA:328,1
DA:330,1
DA:338,1
DA:339,2
DA:342,1
DA:343,2
DA:344,2
DA:347,1
DA:348,1
DA:349,1
DA:350,1
DA:351,1
DA:352,1
DA:354,1
DA:355,1
DA:356,1
DA:357,1
DA:360,1
DA:361,1
DA:362,1
DA:363,1
DA:364,1
DA:365,1
DA:367,1
DA:368,1
DA:369,1
DA:370,1
DA:374,1
DA:375,1
DA:376,2
DA:379,1
DA:380,2
DA:381,2
DA:384,1
DA:391,1
DA:392,1
DA:393,1
DA:395,1
DA:396,1
DA:397,1
DA:398,1
DA:399,1
DA:400,1
DA:401,1
DA:402,1
DA:403,1
DA:404,1
DA:407,1
DA:408,1
DA:409,2
DA:411,1
DA:422,1
DA:424,1
DA:425,1
DA:426,1
DA:427,1
DA:428,1
DA:429,1
DA:431,1
DA:432,1
DA:433,1
DA:434,1
DA:435,1
DA:436,1
DA:438,1
DA:439,1
DA:440,1
DA:441,1
DA:442,1
DA:444,1
DA:448,1
DA:449,1
DA:450,1
DA:453,1
DA:454,1
DA:455,1
DA:458,1
DA:466,1
DA:468,1
DA:470,1
DA:471,1
DA:472,1
DA:473,1
DA:475,1
DA:476,1
DA:477,1
DA:478,1
DA:480,1
DA:481,1
DA:482,1
DA:486,1
DA:487,1
DA:488,1
DA:491,1
DA:492,1
DA:493,1
DA:496,1
DA:503,1
DA:504,1
DA:505,1
DA:507,1
DA:508,3
DA:510,1
DA:511,1
DA:513,1
DA:514,1
DA:515,1
LF:291
LH:291
BRF:0
BRH:0
end_of_record
TN:
SF:test/slider-options-pallette-spec.ts
FN:35,(anonymous_2)
FN:52,(anonymous_3)
FN:66,(anonymous_4)
FN:73,(anonymous_5)
FN:80,(anonymous_6)
FN:86,(anonymous_7)
FN:96,(anonymous_8)
FN:105,(anonymous_9)
FN:117,(anonymous_10)
FN:129,(anonymous_11)
FN:133,(anonymous_12)
FN:138,(anonymous_13)
FN:141,(anonymous_14)
FN:157,(anonymous_15)
FN:167,(anonymous_16)
FN:193,(anonymous_17)
FN:211,(anonymous_18)
FN:225,(anonymous_19)
FN:232,(anonymous_20)
FN:239,(anonymous_21)
FN:246,(anonymous_22)
FN:254,(anonymous_23)
FN:261,(anonymous_24)
FN:266,(anonymous_25)
FN:281,(anonymous_26)
FN:289,(anonymous_27)
FN:300,(anonymous_28)
FN:308,(anonymous_29)
FN:316,(anonymous_30)
FN:324,(anonymous_31)
FN:333,(anonymous_32)
FN:348,(anonymous_33)
FN:356,(anonymous_34)
FN:363,(anonymous_35)
FN:388,(anonymous_36)
FN:413,(anonymous_37)
FN:437,(anonymous_38)
FN:452,(anonymous_39)
FN:476,(anonymous_40)
FN:489,(anonymous_41)
FN:519,(anonymous_42)
FN:537,(anonymous_43)
FN:551,(anonymous_44)
FN:558,(anonymous_45)
FN:589,(anonymous_46)
FN:598,(anonymous_47)
FN:616,(anonymous_48)
FN:630,(anonymous_49)
FN:637,(anonymous_50)
FN:645,(anonymous_51)
FNF:50
FNH:50
FNDA:1,(anonymous_2)
FNDA:10,(anonymous_3)
FNDA:10,(anonymous_4)
FNDA:1,(anonymous_5)
FNDA:1,(anonymous_6)
FNDA:1,(anonymous_7)
FNDA:1,(anonymous_8)
FNDA:1,(anonymous_9)
FNDA:1,(anonymous_10)
FNDA:1,(anonymous_11)
FNDA:3,(anonymous_12)
FNDA:3,(anonymous_13)
FNDA:1,(anonymous_14)
FNDA:1,(anonymous_15)
FNDA:1,(anonymous_16)
FNDA:1,(anonymous_17)
FNDA:12,(anonymous_18)
FNDA:12,(anonymous_19)
FNDA:1,(anonymous_20)
FNDA:1,(anonymous_21)
FNDA:1,(anonymous_22)
FNDA:1,(anonymous_23)
FNDA:1,(anonymous_24)
FNDA:1,(anonymous_25)
FNDA:1,(anonymous_26)
FNDA:1,(anonymous_27)
FNDA:1,(anonymous_28)
FNDA:1,(anonymous_29)
FNDA:1,(anonymous_30)
FNDA:1,(anonymous_31)
FNDA:1,(anonymous_32)
FNDA:7,(anonymous_33)
FNDA:7,(anonymous_34)
FNDA:1,(anonymous_35)
FNDA:1,(anonymous_36)
FNDA:1,(anonymous_37)
FNDA:1,(anonymous_38)
FNDA:1,(anonymous_39)
FNDA:1,(anonymous_40)
FNDA:1,(anonymous_41)
FNDA:1,(anonymous_42)
FNDA:2,(anonymous_43)
FNDA:2,(anonymous_44)
FNDA:1,(anonymous_45)
FNDA:1,(anonymous_46)
FNDA:1,(anonymous_47)
FNDA:2,(anonymous_48)
FNDA:2,(anonymous_49)
FNDA:1,(anonymous_50)
FNDA:1,(anonymous_51)
DA:20,1
DA:24,1
DA:27,1
DA:31,1
DA:35,1
DA:36,1
DA:37,1
DA:38,1
DA:40,1
DA:50,1
DA:51,1
DA:52,1
DA:53,10
DA:54,10
DA:56,10
DA:57,10
DA:59,10
DA:60,10
DA:61,10
DA:62,10
DA:63,10
DA:66,1
DA:67,10
DA:68,10
DA:69,10
DA:70,10
DA:73,1
DA:74,1
DA:75,1
DA:76,1
DA:77,1
DA:80,1
DA:81,1
DA:82,1
DA:83,1
DA:86,1
DA:87,1
DA:88,1
DA:89,1
DA:91,1
DA:92,1
DA:93,1
DA:96,1
DA:97,1
DA:98,1
DA:99,1
DA:100,1
DA:101,1
DA:102,1
DA:105,1
DA:106,1
DA:107,1
DA:108,1
DA:109,1
DA:111,1
DA:112,1
DA:113,1
DA:114,1
DA:117,1
DA:118,1
DA:119,1
DA:120,1
DA:121,1
DA:123,1
DA:124,1
DA:125,1
DA:126,1
DA:129,1
DA:130,1
DA:131,1
DA:132,1
DA:133,3
DA:135,1
DA:136,1
DA:137,1
DA:138,3
DA:141,1
DA:142,1
DA:143,1
DA:144,1
DA:145,1
DA:147,1
DA:148,1
DA:149,1
DA:151,1
DA:152,1
DA:153,1
DA:154,1
DA:157,1
DA:158,1
DA:159,1
DA:160,1
DA:162,1
DA:163,1
DA:164,1
DA:167,1
DA:168,1
DA:169,1
DA:171,1
DA:172,1
DA:174,1
DA:175,1
DA:177,1
DA:178,1
DA:179,1
DA:181,1
DA:182,1
DA:184,1
DA:185,1
DA:186,1
DA:187,1
DA:188,1
DA:193,1
DA:194,1
DA:195,1
DA:196,1
DA:198,1
DA:208,1
DA:209,1
DA:211,1
DA:212,12
DA:213,12
DA:215,12
DA:216,12
DA:218,12
DA:219,12
DA:220,12
DA:221,12
DA:222,12
DA:225,1
DA:226,12
DA:227,12
DA:228,12
DA:229,12
DA:232,1
DA:233,1
DA:234,1
DA:235,1
DA:236,1
DA:239,1
DA:240,1
DA:241,1
DA:242,1
DA:243,1
DA:246,1
DA:247,1
DA:248,1
DA:249,1
DA:250,1
DA:254,1
DA:255,1
DA:256,1
DA:257,1
DA:258,1
DA:261,1
DA:262,1
DA:263,1
DA:266,1
DA:267,1
DA:268,1
DA:269,1
DA:271,1
DA:272,1
DA:274,1
DA:275,1
DA:277,1
DA:278,1
DA:281,1
DA:282,1
DA:283,1
DA:285,1
DA:286,1
DA:289,1
DA:290,1
DA:291,1
DA:293,1
DA:294,1
DA:296,1
DA:297,1
DA:300,1
DA:301,1
DA:302,1
DA:304,1
DA:305,1
DA:308,1
DA:309,1
DA:310,1
DA:312,1
DA:313,1
DA:316,1
DA:317,1
DA:318,1
DA:320,1
DA:321,1
DA:324,1
DA:325,1
DA:326,1
DA:328,1
DA:329,1
DA:333,1
DA:334,1
DA:335,1
DA:336,1
DA:338,1
DA:345,1
DA:346,1
DA:348,1
DA:349,7
DA:350,7
DA:352,7
DA:353,7
DA:356,1
DA:357,7
DA:358,7
DA:359,7
DA:360,7
DA:363,1
DA:364,1
DA:365,1
DA:366,1
DA:368,1
DA:370,1
DA:371,1
DA:372,1
DA:374,1
DA:375,1
DA:376,1
DA:378,1
DA:379,1
DA:380,1
DA:382,1
DA:383,1
DA:384,1
DA:385,1
DA:388,1
DA:389,1
DA:390,1
DA:391,1
DA:393,1
DA:395,1
DA:396,1
DA:397,1
DA:399,1
DA:400,1
DA:401,1
DA:403,1
DA:404,1
DA:405,1
DA:407,1
DA:408,1
DA:409,1
DA:410,1
DA:413,1
DA:414,1
DA:415,1
DA:416,1
DA:418,1
DA:420,1
DA:421,1
DA:422,1
DA:424,1
DA:425,1
DA:426,1
DA:428,1
DA:429,1
DA:430,1
DA:432,1
DA:433,1
DA:434,1
DA:437,1
DA:438,1
DA:439,1
DA:440,1
DA:441,1
DA:443,1
DA:444,1
DA:445,1
DA:447,1
DA:448,1
DA:449,1
DA:452,1
DA:453,1
DA:454,1
DA:456,1
DA:458,1
DA:459,1
DA:460,1
DA:462,1
DA:463,1
DA:464,1
DA:466,1
DA:467,1
DA:468,1
DA:470,1
DA:471,1
DA:472,1
DA:473,1
DA:476,1
DA:477,1
DA:479,1
DA:480,1
DA:481,1
DA:482,1
DA:484,1
DA:485,1
DA:486,1
DA:489,1
DA:490,1
DA:492,1
DA:493,1
DA:494,1
DA:495,1
DA:497,1
DA:498,1
DA:499,1
DA:501,1
DA:502,1
DA:503,1
DA:505,1
DA:506,1
DA:507,1
DA:509,1
DA:510,1
DA:511,1
DA:513,1
DA:514,1
DA:515,1
DA:519,1
DA:520,1
DA:521,1
DA:522,1
DA:524,1
DA:534,1
DA:535,1
DA:537,1
DA:538,2
DA:539,2
DA:541,2
DA:542,2
DA:544,2
DA:545,2
DA:546,2
DA:547,2
DA:548,2
DA:551,1
DA:552,2
DA:553,2
DA:554,2
DA:555,2
DA:558,1
DA:559,1
DA:561,1
DA:562,5
DA:568,5
DA:569,5
DA:570,5
DA:571,5
DA:572,5
DA:575,1
DA:576,5
DA:581,5
DA:582,5
DA:583,5
DA:584,5
DA:585,5
DA:589,1
DA:590,1
DA:591,1
DA:592,1
DA:593,1
DA:594,1
DA:598,1
DA:599,1
DA:600,1
DA:601,1
DA:603,1
DA:613,1
DA:614,1
DA:616,1
DA:617,2
DA:618,2
DA:620,2
DA:621,2
DA:623,2
DA:624,2
DA:625,2
DA:626,2
DA:627,2
DA:630,1
DA:631,2
DA:632,2
DA:633,2
DA:634,2
DA:637,1
DA:638,1
DA:639,1
DA:640,1
DA:642,1
DA:645,1
DA:646,1
DA:647,1
DA:648,1
DA:649,1
DA:650,1
DA:652,1
DA:653,1
LF:406
LH:406
BRF:0
BRH:0
end_of_record
TN:
SF:test/view-spec.ts
FN:14,(anonymous_0)
FN:15,(anonymous_1)
FN:19,(anonymous_2)
FN:25,(anonymous_3)
FN:26,(anonymous_4)
FN:32,(anonymous_5)
FN:41,(anonymous_6)
FN:46,(anonymous_7)
FN:49,(anonymous_8)
FN:52,(anonymous_9)
FN:55,(anonymous_10)
FN:58,(anonymous_11)
FN:61,(anonymous_12)
FN:64,(anonymous_13)
FN:70,(anonymous_14)
FN:71,(anonymous_15)
FN:75,(anonymous_16)
FN:81,(anonymous_17)
FN:108,(anonymous_18)
FN:134,(anonymous_19)
FN:174,(anonymous_20)
FN:210,(anonymous_21)
FN:260,(anonymous_22)
FN:261,(anonymous_23)
FN:265,(anonymous_24)
FN:270,(anonymous_25)
FN:309,(anonymous_26)
FN:370,(anonymous_27)
FN:391,(anonymous_28)
FN:405,(anonymous_29)
FN:418,(anonymous_30)
FN:428,(anonymous_31)
FN:429,(anonymous_32)
FN:430,(anonymous_33)
FN:441,(anonymous_34)
FN:451,(anonymous_35)
FN:455,(anonymous_36)
FN:460,(anonymous_37)
FN:471,(anonymous_38)
FN:482,(anonymous_39)
FN:499,(anonymous_40)
FN:515,moveThumb
FNF:42
FNH:42
FNDA:1,(anonymous_0)
FNDA:3,(anonymous_1)
FNDA:3,(anonymous_2)
FNDA:1,(anonymous_3)
FNDA:1,(anonymous_4)
FNDA:1,(anonymous_5)
FNDA:1,(anonymous_6)
FNDA:1,(anonymous_7)
FNDA:1,(anonymous_8)
FNDA:1,(anonymous_9)
FNDA:1,(anonymous_10)
FNDA:1,(anonymous_11)
FNDA:1,(anonymous_12)
FNDA:1,(anonymous_13)
FNDA:1,(anonymous_14)
FNDA:5,(anonymous_15)
FNDA:5,(anonymous_16)
FNDA:1,(anonymous_17)
FNDA:1,(anonymous_18)
FNDA:1,(anonymous_19)
FNDA:1,(anonymous_20)
FNDA:1,(anonymous_21)
FNDA:1,(anonymous_22)
FNDA:5,(anonymous_23)
FNDA:5,(anonymous_24)
FNDA:1,(anonymous_25)
FNDA:1,(anonymous_26)
FNDA:1,(anonymous_27)
FNDA:1,(anonymous_28)
FNDA:5,(anonymous_29)
FNDA:1,(anonymous_30)
FNDA:1,(anonymous_31)
FNDA:1,(anonymous_32)
FNDA:1,(anonymous_33)
FNDA:1,(anonymous_34)
FNDA:4,(anonymous_35)
FNDA:4,(anonymous_36)
FNDA:1,(anonymous_37)
FNDA:1,(anonymous_38)
FNDA:1,(anonymous_39)
FNDA:1,(anonymous_40)
FNDA:31,moveThumb
DA:6,1
DA:8,1
DA:9,1
DA:11,1
DA:14,1
DA:15,1
DA:16,3
DA:19,1
DA:20,3
DA:21,3
DA:24,1
DA:26,1
DA:27,1
DA:31,1
DA:33,1
DA:34,1
DA:35,1
DA:36,1
DA:37,1
DA:40,1
DA:42,1
DA:46,1
DA:47,1
DA:49,1
DA:50,1
DA:52,1
DA:53,1
DA:55,1
DA:56,1
DA:58,1
DA:59,1
DA:61,1
DA:62,1
DA:64,1
DA:65,1
DA:70,1
DA:71,1
DA:72,5
DA:75,1
DA:76,5
DA:77,5
DA:81,1
DA:82,1
DA:86,1
DA:88,1
DA:89,1
DA:91,1
DA:94,1
DA:95,1
DA:97,1
DA:101,7
DA:102,7
DA:103,7
DA:104,7
DA:108,1
DA:109,1
DA:113,1
DA:114,1
DA:116,1
DA:117,1
DA:119,1
DA:122,1
DA:123,1
DA:125,1
DA:127,0
DA:128,0
DA:129,0
DA:130,0
DA:134,1
DA:135,1
DA:140,1
DA:141,1
DA:143,1
DA:144,1
DA:145,1
DA:149,1
DA:150,1
DA:151,1
DA:153,1
DA:155,1
DA:156,1
DA:157,1
DA:159,1
DA:161,1
DA:162,1
DA:163,1
DA:165,1
DA:167,1
DA:168,1
DA:169,1
DA:171,1
DA:174,1
DA:175,1
DA:180,1
DA:182,1
DA:183,1
DA:184,1
DA:186,1
DA:187,1
DA:188,1
DA:189,1
DA:192,1
DA:193,1
DA:194,1
DA:195,1
DA:196,1
DA:197,1
DA:201,1
DA:202,1
DA:203,1
DA:204,1
DA:205,1
DA:206,1
DA:210,1
DA:211,1
DA:216,1
DA:217,1
DA:218,1
DA:220,1
DA:227,1
DA:234,1
DA:235,1
DA:236,1
DA:237,1
DA:238,1
DA:239,1
DA:241,1
DA:243,1
DA:250,1
DA:251,1
DA:252,1
DA:253,1
DA:254,1
DA:255,1
DA:256,1
DA:260,1
DA:261,1
DA:262,5
DA:265,1
DA:266,5
DA:267,5
DA:270,1
DA:271,1
DA:278,1
DA:279,1
DA:281,1
DA:282,1
DA:283,1
DA:285,1
DA:286,1
DA:287,1
DA:289,1
DA:290,1
DA:291,1
DA:293,1
DA:294,1
DA:295,1
DA:297,1
DA:298,1
DA:299,1
DA:300,1
DA:302,1
DA:303,1
DA:304,1
DA:305,1
DA:308,1
DA:310,1
DA:317,1
DA:318,1
DA:320,1
DA:324,1
DA:325,1
DA:327,1
DA:328,5
DA:329,5
DA:331,5
DA:332,5
DA:334,5
DA:335,5
DA:338,5
DA:339,5
DA:340,5
DA:341,5
DA:342,5
DA:343,5
DA:344,5
DA:346,5
DA:347,5
DA:348,5
DA:349,5
DA:350,5
DA:351,5
DA:352,5
DA:355,1
DA:356,1
DA:357,7
DA:359,7
DA:360,7
DA:361,7
DA:363,7
DA:364,7
DA:366,7
DA:370,1
DA:371,1
DA:377,1
DA:378,1
DA:380,1
DA:381,1
DA:383,1
DA:384,1
DA:386,1
DA:387,1
DA:388,1
DA:391,1
DA:392,1
DA:398,1
DA:400,1
DA:401,1
DA:403,1
DA:405,1
DA:406,5
DA:409,1
DA:410,1
DA:411,1
DA:413,1
DA:414,1
DA:415,1
DA:418,1
DA:419,1
DA:425,1
DA:426,1
DA:428,1
DA:429,1
DA:430,1
DA:432,1
DA:434,1
DA:435,1
DA:436,1
DA:437,1
DA:441,1
DA:442,1
DA:448,1
DA:451,1
DA:452,4
DA:455,1
DA:456,4
DA:457,4
DA:460,1
DA:461,1
DA:462,1
DA:463,1
DA:465,1
DA:467,1
DA:468,1
DA:471,1
DA:472,1
DA:473,1
DA:474,1
DA:476,1
DA:478,1
DA:479,1
DA:482,1
DA:483,1
DA:484,1
DA:485,1
DA:487,1
DA:488,1
DA:489,1
DA:491,1
DA:492,1
DA:494,1
DA:495,1
DA:496,1
DA:499,1
DA:500,1
DA:501,1
DA:503,1
DA:504,1
DA:505,1
DA:506,1
DA:507,1
DA:509,1
DA:510,1
DA:511,1
DA:516,56
DA:517,31
DA:518,31
DA:520,31
DA:523,31
DA:529,31
DA:532,31
DA:533,31
DA:534,31
LF:293
LH:289
BRDA:516,0,0,25
BRDA:516,0,1,6
BRF:2
BRH:2
end_of_record
